[6.465s] Invoking command in '/home/diego/Documents/diego_labiras/ros_ws/src/examples/rclpy/actions/minimal_action_server': PYTHONPATH=/home/diego/Documents/diego_labiras/ros_ws/build/examples_rclpy_minimal_action_server/prefix_override:/usr/lib/python3/dist-packages/colcon_core/task/python/colcon_distutils_commands:/home/diego/Documents/diego_labiras/ros_ws/install/examples_rclpy_minimal_action_server/lib/python3.10/site-packages:${PYTHONPATH} /usr/bin/python3 -W ignore:setup.py install is deprecated -W ignore:easy_install command is deprecated setup.py egg_info --egg-base ../../../../../build/examples_rclpy_minimal_action_server build --build-base /home/diego/Documents/diego_labiras/ros_ws/build/examples_rclpy_minimal_action_server/build install --record /home/diego/Documents/diego_labiras/ros_ws/build/examples_rclpy_minimal_action_server/install.log --single-version-externally-managed install_data
[8.498s] running egg_info
[8.498s] creating ../../../../../build/examples_rclpy_minimal_action_server/examples_rclpy_minimal_action_server.egg-info
[8.631s] writing ../../../../../build/examples_rclpy_minimal_action_server/examples_rclpy_minimal_action_server.egg-info/PKG-INFO
[8.635s] writing dependency_links to ../../../../../build/examples_rclpy_minimal_action_server/examples_rclpy_minimal_action_server.egg-info/dependency_links.txt
[8.635s] writing entry points to ../../../../../build/examples_rclpy_minimal_action_server/examples_rclpy_minimal_action_server.egg-info/entry_points.txt
[8.635s] writing requirements to ../../../../../build/examples_rclpy_minimal_action_server/examples_rclpy_minimal_action_server.egg-info/requires.txt
[8.635s] writing top-level names to ../../../../../build/examples_rclpy_minimal_action_server/examples_rclpy_minimal_action_server.egg-info/top_level.txt
[8.636s] writing manifest file '../../../../../build/examples_rclpy_minimal_action_server/examples_rclpy_minimal_action_server.egg-info/SOURCES.txt'
[8.965s] reading manifest file '../../../../../build/examples_rclpy_minimal_action_server/examples_rclpy_minimal_action_server.egg-info/SOURCES.txt'
[8.966s] writing manifest file '../../../../../build/examples_rclpy_minimal_action_server/examples_rclpy_minimal_action_server.egg-info/SOURCES.txt'
[8.966s] running build
[8.967s] running build_py
[8.967s] creating /home/diego/Documents/diego_labiras/ros_ws/build/examples_rclpy_minimal_action_server/build
[8.967s] creating /home/diego/Documents/diego_labiras/ros_ws/build/examples_rclpy_minimal_action_server/build/lib
[8.967s] creating /home/diego/Documents/diego_labiras/ros_ws/build/examples_rclpy_minimal_action_server/build/lib/examples_rclpy_minimal_action_server
[8.968s] copying examples_rclpy_minimal_action_server/__init__.py -> /home/diego/Documents/diego_labiras/ros_ws/build/examples_rclpy_minimal_action_server/build/lib/examples_rclpy_minimal_action_server
[8.968s] copying examples_rclpy_minimal_action_server/server_queue_goals.py -> /home/diego/Documents/diego_labiras/ros_ws/build/examples_rclpy_minimal_action_server/build/lib/examples_rclpy_minimal_action_server
[8.968s] copying examples_rclpy_minimal_action_server/server.py -> /home/diego/Documents/diego_labiras/ros_ws/build/examples_rclpy_minimal_action_server/build/lib/examples_rclpy_minimal_action_server
[8.968s] copying examples_rclpy_minimal_action_server/server_single_goal.py -> /home/diego/Documents/diego_labiras/ros_ws/build/examples_rclpy_minimal_action_server/build/lib/examples_rclpy_minimal_action_server
[8.969s] copying examples_rclpy_minimal_action_server/server_defer.py -> /home/diego/Documents/diego_labiras/ros_ws/build/examples_rclpy_minimal_action_server/build/lib/examples_rclpy_minimal_action_server
[8.969s] copying examples_rclpy_minimal_action_server/server_not_composable.py -> /home/diego/Documents/diego_labiras/ros_ws/build/examples_rclpy_minimal_action_server/build/lib/examples_rclpy_minimal_action_server
[8.971s] running install
[8.995s] running install_lib
[9.098s] creating /home/diego/Documents/diego_labiras/ros_ws/install/examples_rclpy_minimal_action_server/lib/python3.10/site-packages/examples_rclpy_minimal_action_server
[9.098s] copying /home/diego/Documents/diego_labiras/ros_ws/build/examples_rclpy_minimal_action_server/build/lib/examples_rclpy_minimal_action_server/__init__.py -> /home/diego/Documents/diego_labiras/ros_ws/install/examples_rclpy_minimal_action_server/lib/python3.10/site-packages/examples_rclpy_minimal_action_server
[9.098s] copying /home/diego/Documents/diego_labiras/ros_ws/build/examples_rclpy_minimal_action_server/build/lib/examples_rclpy_minimal_action_server/server_queue_goals.py -> /home/diego/Documents/diego_labiras/ros_ws/install/examples_rclpy_minimal_action_server/lib/python3.10/site-packages/examples_rclpy_minimal_action_server
[9.099s] copying /home/diego/Documents/diego_labiras/ros_ws/build/examples_rclpy_minimal_action_server/build/lib/examples_rclpy_minimal_action_server/server.py -> /home/diego/Documents/diego_labiras/ros_ws/install/examples_rclpy_minimal_action_server/lib/python3.10/site-packages/examples_rclpy_minimal_action_server
[9.102s] copying /home/diego/Documents/diego_labiras/ros_ws/build/examples_rclpy_minimal_action_server/build/lib/examples_rclpy_minimal_action_server/server_single_goal.py -> /home/diego/Documents/diego_labiras/ros_ws/install/examples_rclpy_minimal_action_server/lib/python3.10/site-packages/examples_rclpy_minimal_action_server
[9.102s] copying /home/diego/Documents/diego_labiras/ros_ws/build/examples_rclpy_minimal_action_server/build/lib/examples_rclpy_minimal_action_server/server_defer.py -> /home/diego/Documents/diego_labiras/ros_ws/install/examples_rclpy_minimal_action_server/lib/python3.10/site-packages/examples_rclpy_minimal_action_server
[9.102s] copying /home/diego/Documents/diego_labiras/ros_ws/build/examples_rclpy_minimal_action_server/build/lib/examples_rclpy_minimal_action_server/server_not_composable.py -> /home/diego/Documents/diego_labiras/ros_ws/install/examples_rclpy_minimal_action_server/lib/python3.10/site-packages/examples_rclpy_minimal_action_server
[9.105s] byte-compiling /home/diego/Documents/diego_labiras/ros_ws/install/examples_rclpy_minimal_action_server/lib/python3.10/site-packages/examples_rclpy_minimal_action_server/__init__.py to __init__.cpython-310.pyc
[9.105s] byte-compiling /home/diego/Documents/diego_labiras/ros_ws/install/examples_rclpy_minimal_action_server/lib/python3.10/site-packages/examples_rclpy_minimal_action_server/server_queue_goals.py to server_queue_goals.cpython-310.pyc
[9.107s] byte-compiling /home/diego/Documents/diego_labiras/ros_ws/install/examples_rclpy_minimal_action_server/lib/python3.10/site-packages/examples_rclpy_minimal_action_server/server.py to server.cpython-310.pyc
[9.109s] byte-compiling /home/diego/Documents/diego_labiras/ros_ws/install/examples_rclpy_minimal_action_server/lib/python3.10/site-packages/examples_rclpy_minimal_action_server/server_single_goal.py to server_single_goal.cpython-310.pyc
[9.110s] byte-compiling /home/diego/Documents/diego_labiras/ros_ws/install/examples_rclpy_minimal_action_server/lib/python3.10/site-packages/examples_rclpy_minimal_action_server/server_defer.py to server_defer.cpython-310.pyc
[9.112s] byte-compiling /home/diego/Documents/diego_labiras/ros_ws/install/examples_rclpy_minimal_action_server/lib/python3.10/site-packages/examples_rclpy_minimal_action_server/server_not_composable.py to server_not_composable.cpython-310.pyc
[9.113s] running install_data
[9.115s] creating /home/diego/Documents/diego_labiras/ros_ws/install/examples_rclpy_minimal_action_server/share/ament_index
[9.115s] creating /home/diego/Documents/diego_labiras/ros_ws/install/examples_rclpy_minimal_action_server/share/ament_index/resource_index
[9.115s] creating /home/diego/Documents/diego_labiras/ros_ws/install/examples_rclpy_minimal_action_server/share/ament_index/resource_index/packages
[9.115s] copying resource/examples_rclpy_minimal_action_server -> /home/diego/Documents/diego_labiras/ros_ws/install/examples_rclpy_minimal_action_server/share/ament_index/resource_index/packages
[9.116s] copying package.xml -> /home/diego/Documents/diego_labiras/ros_ws/install/examples_rclpy_minimal_action_server/share/examples_rclpy_minimal_action_server
[9.116s] running install_egg_info
[9.260s] Copying ../../../../../build/examples_rclpy_minimal_action_server/examples_rclpy_minimal_action_server.egg-info to /home/diego/Documents/diego_labiras/ros_ws/install/examples_rclpy_minimal_action_server/lib/python3.10/site-packages/examples_rclpy_minimal_action_server-0.15.1-py3.10.egg-info
[9.263s] running install_scripts
[10.084s] Installing server script to /home/diego/Documents/diego_labiras/ros_ws/install/examples_rclpy_minimal_action_server/lib/examples_rclpy_minimal_action_server
[10.084s] Installing server_defer script to /home/diego/Documents/diego_labiras/ros_ws/install/examples_rclpy_minimal_action_server/lib/examples_rclpy_minimal_action_server
[10.087s] Installing server_not_composable script to /home/diego/Documents/diego_labiras/ros_ws/install/examples_rclpy_minimal_action_server/lib/examples_rclpy_minimal_action_server
[10.087s] Installing server_queue_goals script to /home/diego/Documents/diego_labiras/ros_ws/install/examples_rclpy_minimal_action_server/lib/examples_rclpy_minimal_action_server
[10.087s] Installing server_single_goal script to /home/diego/Documents/diego_labiras/ros_ws/install/examples_rclpy_minimal_action_server/lib/examples_rclpy_minimal_action_server
[10.087s] writing list of installed files to '/home/diego/Documents/diego_labiras/ros_ws/build/examples_rclpy_minimal_action_server/install.log'
[10.171s] Invoked command in '/home/diego/Documents/diego_labiras/ros_ws/src/examples/rclpy/actions/minimal_action_server' returned '0': PYTHONPATH=/home/diego/Documents/diego_labiras/ros_ws/build/examples_rclpy_minimal_action_server/prefix_override:/usr/lib/python3/dist-packages/colcon_core/task/python/colcon_distutils_commands:/home/diego/Documents/diego_labiras/ros_ws/install/examples_rclpy_minimal_action_server/lib/python3.10/site-packages:${PYTHONPATH} /usr/bin/python3 -W ignore:setup.py install is deprecated -W ignore:easy_install command is deprecated setup.py egg_info --egg-base ../../../../../build/examples_rclpy_minimal_action_server build --build-base /home/diego/Documents/diego_labiras/ros_ws/build/examples_rclpy_minimal_action_server/build install --record /home/diego/Documents/diego_labiras/ros_ws/build/examples_rclpy_minimal_action_server/install.log --single-version-externally-managed install_data
