[0.018s] Invoking command in '/home/diego/Documents/diego_labiras/ros_ws/build/tutorial_interfaces': CMAKE_PREFIX_PATH=${CMAKE_PREFIX_PATH}:/home/diego/Documents/diego_labiras/ros_ws/install/py_pubsub:/home/diego/Documents/diego_labiras/ros_ws/install/launch_testing_examples:/home/diego/Documents/diego_labiras/ros_ws/install/examples_rclpy_pointcloud_publisher:/home/diego/Documents/diego_labiras/ros_ws/install/examples_rclpy_minimal_subscriber:/home/diego/Documents/diego_labiras/ros_ws/install/examples_rclpy_minimal_service:/home/diego/Documents/diego_labiras/ros_ws/install/examples_rclpy_minimal_publisher:/home/diego/Documents/diego_labiras/ros_ws/install/examples_rclpy_minimal_client:/home/diego/Documents/diego_labiras/ros_ws/install/examples_rclpy_minimal_action_server:/home/diego/Documents/diego_labiras/ros_ws/install/examples_rclpy_minimal_action_client:/home/diego/Documents/diego_labiras/ros_ws/install/examples_rclpy_guard_conditions:/home/diego/Documents/diego_labiras/ros_ws/install/examples_rclpy_executors:/opt/ros/humble:/opt/ros/iron /usr/bin/cmake /home/diego/Documents/diego_labiras/ros_ws/src/tutorial_interfaces -DCMAKE_INSTALL_PREFIX=/home/diego/Documents/diego_labiras/ros_ws/install/tutorial_interfaces
[0.044s] -- Found ament_cmake: 1.3.9 (/opt/ros/humble/share/ament_cmake/cmake)
[0.259s] -- Found geometry_msgs: 4.2.3 (/opt/ros/humble/share/geometry_msgs/cmake)
[0.302s] -- Found rosidl_generator_c: 3.1.5 (/opt/ros/humble/share/rosidl_generator_c/cmake)
[0.306s] -- Found rosidl_adapter: 3.1.5 (/opt/ros/humble/share/rosidl_adapter/cmake)
[0.319s] -- Found rosidl_generator_cpp: 3.1.5 (/opt/ros/humble/share/rosidl_generator_cpp/cmake)
[0.335s] -- Using all available rosidl_typesupport_c: rosidl_typesupport_fastrtps_c;rosidl_typesupport_introspection_c
[0.357s] -- Using all available rosidl_typesupport_cpp: rosidl_typesupport_fastrtps_cpp;rosidl_typesupport_introspection_cpp
[0.521s] -- Found rosidl_default_generators: 1.2.0 (/opt/ros/humble/share/rosidl_default_generators/cmake)
[0.959s] -- Found ament_cmake_ros: 0.10.0 (/opt/ros/humble/share/ament_cmake_ros/cmake)
[1.586s] -- Using all available rosidl_typesupport_c: rosidl_typesupport_fastrtps_c;rosidl_typesupport_introspection_c
[1.852s] -- Using all available rosidl_typesupport_cpp: rosidl_typesupport_fastrtps_cpp;rosidl_typesupport_introspection_cpp
[1.882s] -- Found python_cmake_module: 0.10.0 (/opt/ros/humble/share/python_cmake_module/cmake)
[1.913s] -- Using PYTHON_EXECUTABLE: /usr/bin/python3
[1.913s] -- Using PYTHON_INCLUDE_DIRS: /usr/include/python3.10
[1.914s] -- Using PYTHON_LIBRARIES: /usr/lib/x86_64-linux-gnu/libpython3.10.so
[2.077s] [31mCMake Error at /opt/ros/humble/share/rosidl_cmake/cmake/rosidl_write_generator_arguments.cmake:44 (message):
[2.078s]   rosidl_write_generator_arguments() called with unused arguments:
[2.078s]   INCLUDE_PATHS;geometry_msgs:/opt/ros/humble/share/geometry_msgs;std_msgs:/opt/ros/humble/share/std_msgs
[2.078s] Call Stack (most recent call first):
[2.078s]   /opt/ros/iron/share/rosidl_generator_type_description/cmake/rosidl_generator_type_description_generate_interfaces.cmake:57 (rosidl_write_generator_arguments)
[2.078s]   /opt/ros/humble/share/ament_cmake_core/cmake/core/ament_execute_extensions.cmake:48 (include)
[2.078s]   /opt/ros/humble/share/rosidl_cmake/cmake/rosidl_generate_interfaces.cmake:286 (ament_execute_extensions)
[2.079s]   CMakeLists.txt:17 (rosidl_generate_interfaces)
[2.079s] 
[2.079s] [0m
[2.080s] -- Configuring incomplete, errors occurred!
[2.080s] See also "/home/diego/Documents/diego_labiras/ros_ws/build/tutorial_interfaces/CMakeFiles/CMakeOutput.log".
[2.092s] Invoked command in '/home/diego/Documents/diego_labiras/ros_ws/build/tutorial_interfaces' returned '1': CMAKE_PREFIX_PATH=${CMAKE_PREFIX_PATH}:/home/diego/Documents/diego_labiras/ros_ws/install/py_pubsub:/home/diego/Documents/diego_labiras/ros_ws/install/launch_testing_examples:/home/diego/Documents/diego_labiras/ros_ws/install/examples_rclpy_pointcloud_publisher:/home/diego/Documents/diego_labiras/ros_ws/install/examples_rclpy_minimal_subscriber:/home/diego/Documents/diego_labiras/ros_ws/install/examples_rclpy_minimal_service:/home/diego/Documents/diego_labiras/ros_ws/install/examples_rclpy_minimal_publisher:/home/diego/Documents/diego_labiras/ros_ws/install/examples_rclpy_minimal_client:/home/diego/Documents/diego_labiras/ros_ws/install/examples_rclpy_minimal_action_server:/home/diego/Documents/diego_labiras/ros_ws/install/examples_rclpy_minimal_action_client:/home/diego/Documents/diego_labiras/ros_ws/install/examples_rclpy_guard_conditions:/home/diego/Documents/diego_labiras/ros_ws/install/examples_rclpy_executors:/opt/ros/humble:/opt/ros/iron /usr/bin/cmake /home/diego/Documents/diego_labiras/ros_ws/src/tutorial_interfaces -DCMAKE_INSTALL_PREFIX=/home/diego/Documents/diego_labiras/ros_ws/install/tutorial_interfaces
