[0.018s] Invoking command in '/home/diego/Documents/diego_labiras/ros_ws/build/tutorial_interfaces': CMAKE_PREFIX_PATH=/opt/ros/humble:/opt/ros/iron /usr/bin/cmake /home/diego/Documents/diego_labiras/ros_ws/src/tutorial_interfaces -DCMAKE_INSTALL_PREFIX=/home/diego/Documents/diego_labiras/ros_ws/install/tutorial_interfaces
[0.039s] -- Found ament_cmake: 1.3.9 (/opt/ros/humble/share/ament_cmake/cmake)
[0.233s] -- Found geometry_msgs: 4.2.3 (/opt/ros/humble/share/geometry_msgs/cmake)
[0.280s] -- Found rosidl_generator_c: 3.1.5 (/opt/ros/humble/share/rosidl_generator_c/cmake)
[0.285s] -- Found rosidl_adapter: 3.1.5 (/opt/ros/humble/share/rosidl_adapter/cmake)
[0.293s] -- Found rosidl_generator_cpp: 3.1.5 (/opt/ros/humble/share/rosidl_generator_cpp/cmake)
[0.310s] -- Using all available rosidl_typesupport_c: rosidl_typesupport_fastrtps_c;rosidl_typesupport_introspection_c
[0.335s] -- Using all available rosidl_typesupport_cpp: rosidl_typesupport_fastrtps_cpp;rosidl_typesupport_introspection_cpp
[0.493s] -- Found rosidl_default_generators: 1.2.0 (/opt/ros/humble/share/rosidl_default_generators/cmake)
[0.803s] [31mCMake Error at /opt/ros/humble/share/rosidl_cmake/cmake/rosidl_generate_interfaces.cmake:229 (message):
[0.803s]   Packages installing interfaces must include
[0.803s]   '<member_of_group>rosidl_interface_packages</member_of_group>' in their
[0.803s]   package.xml
[0.804s] Call Stack (most recent call first):
[0.804s]   CMakeLists.txt:18 (rosidl_generate_interfaces)
[0.804s] 
[0.804s] [0m
[0.804s] -- Configuring incomplete, errors occurred!
[0.804s] See also "/home/diego/Documents/diego_labiras/ros_ws/build/tutorial_interfaces/CMakeFiles/CMakeOutput.log".
[0.813s] Invoked command in '/home/diego/Documents/diego_labiras/ros_ws/build/tutorial_interfaces' returned '1': CMAKE_PREFIX_PATH=/opt/ros/humble:/opt/ros/iron /usr/bin/cmake /home/diego/Documents/diego_labiras/ros_ws/src/tutorial_interfaces -DCMAKE_INSTALL_PREFIX=/home/diego/Documents/diego_labiras/ros_ws/install/tutorial_interfaces
