[5.903s] Invoking command in '/home/diego/Documents/diego_labiras/ros_ws/src/examples/rclpy/actions/minimal_action_client': PYTHONPATH=/home/diego/Documents/diego_labiras/ros_ws/build/examples_rclpy_minimal_action_client/prefix_override:/usr/lib/python3/dist-packages/colcon_core/task/python/colcon_distutils_commands:/home/diego/Documents/diego_labiras/ros_ws/install/examples_rclpy_minimal_action_client/lib/python3.10/site-packages:${PYTHONPATH} /usr/bin/python3 -W ignore:setup.py install is deprecated -W ignore:easy_install command is deprecated setup.py egg_info --egg-base ../../../../../build/examples_rclpy_minimal_action_client build --build-base /home/diego/Documents/diego_labiras/ros_ws/build/examples_rclpy_minimal_action_client/build install --record /home/diego/Documents/diego_labiras/ros_ws/build/examples_rclpy_minimal_action_client/install.log --single-version-externally-managed install_data
[8.053s] running egg_info
[8.056s] creating ../../../../../build/examples_rclpy_minimal_action_client/examples_rclpy_minimal_action_client.egg-info
[8.182s] writing ../../../../../build/examples_rclpy_minimal_action_client/examples_rclpy_minimal_action_client.egg-info/PKG-INFO
[8.183s] writing dependency_links to ../../../../../build/examples_rclpy_minimal_action_client/examples_rclpy_minimal_action_client.egg-info/dependency_links.txt
[8.184s] writing entry points to ../../../../../build/examples_rclpy_minimal_action_client/examples_rclpy_minimal_action_client.egg-info/entry_points.txt
[8.184s] writing requirements to ../../../../../build/examples_rclpy_minimal_action_client/examples_rclpy_minimal_action_client.egg-info/requires.txt
[8.185s] writing top-level names to ../../../../../build/examples_rclpy_minimal_action_client/examples_rclpy_minimal_action_client.egg-info/top_level.txt
[8.188s] writing manifest file '../../../../../build/examples_rclpy_minimal_action_client/examples_rclpy_minimal_action_client.egg-info/SOURCES.txt'
[8.455s] reading manifest file '../../../../../build/examples_rclpy_minimal_action_client/examples_rclpy_minimal_action_client.egg-info/SOURCES.txt'
[8.459s] writing manifest file '../../../../../build/examples_rclpy_minimal_action_client/examples_rclpy_minimal_action_client.egg-info/SOURCES.txt'
[8.459s] running build
[8.460s] running build_py
[8.460s] creating /home/diego/Documents/diego_labiras/ros_ws/build/examples_rclpy_minimal_action_client/build
[8.463s] creating /home/diego/Documents/diego_labiras/ros_ws/build/examples_rclpy_minimal_action_client/build/lib
[8.464s] creating /home/diego/Documents/diego_labiras/ros_ws/build/examples_rclpy_minimal_action_client/build/lib/examples_rclpy_minimal_action_client
[8.464s] copying examples_rclpy_minimal_action_client/__init__.py -> /home/diego/Documents/diego_labiras/ros_ws/build/examples_rclpy_minimal_action_client/build/lib/examples_rclpy_minimal_action_client
[8.464s] copying examples_rclpy_minimal_action_client/client_not_composable.py -> /home/diego/Documents/diego_labiras/ros_ws/build/examples_rclpy_minimal_action_client/build/lib/examples_rclpy_minimal_action_client
[8.464s] copying examples_rclpy_minimal_action_client/client_asyncio.py -> /home/diego/Documents/diego_labiras/ros_ws/build/examples_rclpy_minimal_action_client/build/lib/examples_rclpy_minimal_action_client
[8.464s] copying examples_rclpy_minimal_action_client/client.py -> /home/diego/Documents/diego_labiras/ros_ws/build/examples_rclpy_minimal_action_client/build/lib/examples_rclpy_minimal_action_client
[8.465s] copying examples_rclpy_minimal_action_client/client_cancel.py -> /home/diego/Documents/diego_labiras/ros_ws/build/examples_rclpy_minimal_action_client/build/lib/examples_rclpy_minimal_action_client
[8.466s] running install
[8.493s] running install_lib
[8.620s] creating /home/diego/Documents/diego_labiras/ros_ws/install/examples_rclpy_minimal_action_client/lib/python3.10/site-packages/examples_rclpy_minimal_action_client
[8.620s] copying /home/diego/Documents/diego_labiras/ros_ws/build/examples_rclpy_minimal_action_client/build/lib/examples_rclpy_minimal_action_client/__init__.py -> /home/diego/Documents/diego_labiras/ros_ws/install/examples_rclpy_minimal_action_client/lib/python3.10/site-packages/examples_rclpy_minimal_action_client
[8.620s] copying /home/diego/Documents/diego_labiras/ros_ws/build/examples_rclpy_minimal_action_client/build/lib/examples_rclpy_minimal_action_client/client_not_composable.py -> /home/diego/Documents/diego_labiras/ros_ws/install/examples_rclpy_minimal_action_client/lib/python3.10/site-packages/examples_rclpy_minimal_action_client
[8.621s] copying /home/diego/Documents/diego_labiras/ros_ws/build/examples_rclpy_minimal_action_client/build/lib/examples_rclpy_minimal_action_client/client_asyncio.py -> /home/diego/Documents/diego_labiras/ros_ws/install/examples_rclpy_minimal_action_client/lib/python3.10/site-packages/examples_rclpy_minimal_action_client
[8.621s] copying /home/diego/Documents/diego_labiras/ros_ws/build/examples_rclpy_minimal_action_client/build/lib/examples_rclpy_minimal_action_client/client.py -> /home/diego/Documents/diego_labiras/ros_ws/install/examples_rclpy_minimal_action_client/lib/python3.10/site-packages/examples_rclpy_minimal_action_client
[8.621s] copying /home/diego/Documents/diego_labiras/ros_ws/build/examples_rclpy_minimal_action_client/build/lib/examples_rclpy_minimal_action_client/client_cancel.py -> /home/diego/Documents/diego_labiras/ros_ws/install/examples_rclpy_minimal_action_client/lib/python3.10/site-packages/examples_rclpy_minimal_action_client
[8.628s] byte-compiling /home/diego/Documents/diego_labiras/ros_ws/install/examples_rclpy_minimal_action_client/lib/python3.10/site-packages/examples_rclpy_minimal_action_client/__init__.py to __init__.cpython-310.pyc
[8.629s] byte-compiling /home/diego/Documents/diego_labiras/ros_ws/install/examples_rclpy_minimal_action_client/lib/python3.10/site-packages/examples_rclpy_minimal_action_client/client_not_composable.py to client_not_composable.cpython-310.pyc
[8.630s] byte-compiling /home/diego/Documents/diego_labiras/ros_ws/install/examples_rclpy_minimal_action_client/lib/python3.10/site-packages/examples_rclpy_minimal_action_client/client_asyncio.py to client_asyncio.cpython-310.pyc
[8.632s] byte-compiling /home/diego/Documents/diego_labiras/ros_ws/install/examples_rclpy_minimal_action_client/lib/python3.10/site-packages/examples_rclpy_minimal_action_client/client.py to client.cpython-310.pyc
[8.633s] byte-compiling /home/diego/Documents/diego_labiras/ros_ws/install/examples_rclpy_minimal_action_client/lib/python3.10/site-packages/examples_rclpy_minimal_action_client/client_cancel.py to client_cancel.cpython-310.pyc
[8.634s] running install_data
[8.635s] creating /home/diego/Documents/diego_labiras/ros_ws/install/examples_rclpy_minimal_action_client/share/ament_index
[8.635s] creating /home/diego/Documents/diego_labiras/ros_ws/install/examples_rclpy_minimal_action_client/share/ament_index/resource_index
[8.635s] creating /home/diego/Documents/diego_labiras/ros_ws/install/examples_rclpy_minimal_action_client/share/ament_index/resource_index/packages
[8.636s] copying resource/examples_rclpy_minimal_action_client -> /home/diego/Documents/diego_labiras/ros_ws/install/examples_rclpy_minimal_action_client/share/ament_index/resource_index/packages
[8.636s] copying package.xml -> /home/diego/Documents/diego_labiras/ros_ws/install/examples_rclpy_minimal_action_client/share/examples_rclpy_minimal_action_client
[8.636s] running install_egg_info
[8.831s] Copying ../../../../../build/examples_rclpy_minimal_action_client/examples_rclpy_minimal_action_client.egg-info to /home/diego/Documents/diego_labiras/ros_ws/install/examples_rclpy_minimal_action_client/lib/python3.10/site-packages/examples_rclpy_minimal_action_client-0.15.1-py3.10.egg-info
[8.835s] running install_scripts
[9.679s] Installing client script to /home/diego/Documents/diego_labiras/ros_ws/install/examples_rclpy_minimal_action_client/lib/examples_rclpy_minimal_action_client
[9.683s] Installing client_asyncio script to /home/diego/Documents/diego_labiras/ros_ws/install/examples_rclpy_minimal_action_client/lib/examples_rclpy_minimal_action_client
[9.683s] Installing client_cancel script to /home/diego/Documents/diego_labiras/ros_ws/install/examples_rclpy_minimal_action_client/lib/examples_rclpy_minimal_action_client
[9.683s] Installing client_not_composable script to /home/diego/Documents/diego_labiras/ros_ws/install/examples_rclpy_minimal_action_client/lib/examples_rclpy_minimal_action_client
[9.683s] writing list of installed files to '/home/diego/Documents/diego_labiras/ros_ws/build/examples_rclpy_minimal_action_client/install.log'
[9.783s] Invoked command in '/home/diego/Documents/diego_labiras/ros_ws/src/examples/rclpy/actions/minimal_action_client' returned '0': PYTHONPATH=/home/diego/Documents/diego_labiras/ros_ws/build/examples_rclpy_minimal_action_client/prefix_override:/usr/lib/python3/dist-packages/colcon_core/task/python/colcon_distutils_commands:/home/diego/Documents/diego_labiras/ros_ws/install/examples_rclpy_minimal_action_client/lib/python3.10/site-packages:${PYTHONPATH} /usr/bin/python3 -W ignore:setup.py install is deprecated -W ignore:easy_install command is deprecated setup.py egg_info --egg-base ../../../../../build/examples_rclpy_minimal_action_client build --build-base /home/diego/Documents/diego_labiras/ros_ws/build/examples_rclpy_minimal_action_client/build install --record /home/diego/Documents/diego_labiras/ros_ws/build/examples_rclpy_minimal_action_client/install.log --single-version-externally-managed install_data
