[6.414s] Invoking command in '/home/diego/Documents/diego_labiras/ros_ws/src/examples/rclpy/guard_conditions': PYTHONPATH=/home/diego/Documents/diego_labiras/ros_ws/build/examples_rclpy_guard_conditions/prefix_override:/usr/lib/python3/dist-packages/colcon_core/task/python/colcon_distutils_commands:/home/diego/Documents/diego_labiras/ros_ws/install/examples_rclpy_guard_conditions/lib/python3.10/site-packages:${PYTHONPATH} /usr/bin/python3 -W ignore:setup.py install is deprecated -W ignore:easy_install command is deprecated setup.py egg_info --egg-base ../../../../build/examples_rclpy_guard_conditions build --build-base /home/diego/Documents/diego_labiras/ros_ws/build/examples_rclpy_guard_conditions/build install --record /home/diego/Documents/diego_labiras/ros_ws/build/examples_rclpy_guard_conditions/install.log --single-version-externally-managed install_data
[8.380s] running egg_info
[8.380s] creating ../../../../build/examples_rclpy_guard_conditions/examples_rclpy_guard_conditions.egg-info
[8.483s] writing ../../../../build/examples_rclpy_guard_conditions/examples_rclpy_guard_conditions.egg-info/PKG-INFO
[8.484s] writing dependency_links to ../../../../build/examples_rclpy_guard_conditions/examples_rclpy_guard_conditions.egg-info/dependency_links.txt
[8.486s] writing entry points to ../../../../build/examples_rclpy_guard_conditions/examples_rclpy_guard_conditions.egg-info/entry_points.txt
[8.487s] writing requirements to ../../../../build/examples_rclpy_guard_conditions/examples_rclpy_guard_conditions.egg-info/requires.txt
[8.488s] writing top-level names to ../../../../build/examples_rclpy_guard_conditions/examples_rclpy_guard_conditions.egg-info/top_level.txt
[8.488s] writing manifest file '../../../../build/examples_rclpy_guard_conditions/examples_rclpy_guard_conditions.egg-info/SOURCES.txt'
[8.709s] reading manifest file '../../../../build/examples_rclpy_guard_conditions/examples_rclpy_guard_conditions.egg-info/SOURCES.txt'
[8.712s] writing manifest file '../../../../build/examples_rclpy_guard_conditions/examples_rclpy_guard_conditions.egg-info/SOURCES.txt'
[8.712s] running build
[8.713s] running build_py
[8.714s] creating /home/diego/Documents/diego_labiras/ros_ws/build/examples_rclpy_guard_conditions/build
[8.714s] creating /home/diego/Documents/diego_labiras/ros_ws/build/examples_rclpy_guard_conditions/build/lib
[8.719s] creating /home/diego/Documents/diego_labiras/ros_ws/build/examples_rclpy_guard_conditions/build/lib/examples_rclpy_guard_conditions
[8.719s] copying examples_rclpy_guard_conditions/__init__.py -> /home/diego/Documents/diego_labiras/ros_ws/build/examples_rclpy_guard_conditions/build/lib/examples_rclpy_guard_conditions
[8.723s] copying examples_rclpy_guard_conditions/trigger_guard_condition.py -> /home/diego/Documents/diego_labiras/ros_ws/build/examples_rclpy_guard_conditions/build/lib/examples_rclpy_guard_conditions
[8.723s] running install
[8.736s] running install_lib
[8.853s] creating /home/diego/Documents/diego_labiras/ros_ws/install/examples_rclpy_guard_conditions/lib/python3.10/site-packages/examples_rclpy_guard_conditions
[8.853s] copying /home/diego/Documents/diego_labiras/ros_ws/build/examples_rclpy_guard_conditions/build/lib/examples_rclpy_guard_conditions/__init__.py -> /home/diego/Documents/diego_labiras/ros_ws/install/examples_rclpy_guard_conditions/lib/python3.10/site-packages/examples_rclpy_guard_conditions
[8.854s] copying /home/diego/Documents/diego_labiras/ros_ws/build/examples_rclpy_guard_conditions/build/lib/examples_rclpy_guard_conditions/trigger_guard_condition.py -> /home/diego/Documents/diego_labiras/ros_ws/install/examples_rclpy_guard_conditions/lib/python3.10/site-packages/examples_rclpy_guard_conditions
[8.861s] byte-compiling /home/diego/Documents/diego_labiras/ros_ws/install/examples_rclpy_guard_conditions/lib/python3.10/site-packages/examples_rclpy_guard_conditions/__init__.py to __init__.cpython-310.pyc
[8.861s] byte-compiling /home/diego/Documents/diego_labiras/ros_ws/install/examples_rclpy_guard_conditions/lib/python3.10/site-packages/examples_rclpy_guard_conditions/trigger_guard_condition.py to trigger_guard_condition.cpython-310.pyc
[8.864s] running install_data
[8.866s] creating /home/diego/Documents/diego_labiras/ros_ws/install/examples_rclpy_guard_conditions/share/ament_index
[8.866s] creating /home/diego/Documents/diego_labiras/ros_ws/install/examples_rclpy_guard_conditions/share/ament_index/resource_index
[8.867s] creating /home/diego/Documents/diego_labiras/ros_ws/install/examples_rclpy_guard_conditions/share/ament_index/resource_index/packages
[8.867s] copying resource/examples_rclpy_guard_conditions -> /home/diego/Documents/diego_labiras/ros_ws/install/examples_rclpy_guard_conditions/share/ament_index/resource_index/packages
[8.867s] copying package.xml -> /home/diego/Documents/diego_labiras/ros_ws/install/examples_rclpy_guard_conditions/share/examples_rclpy_guard_conditions
[8.867s] running install_egg_info
[9.027s] Copying ../../../../build/examples_rclpy_guard_conditions/examples_rclpy_guard_conditions.egg-info to /home/diego/Documents/diego_labiras/ros_ws/install/examples_rclpy_guard_conditions/lib/python3.10/site-packages/examples_rclpy_guard_conditions-0.15.1-py3.10.egg-info
[9.030s] running install_scripts
[9.837s] Installing trigger_guard_condition script to /home/diego/Documents/diego_labiras/ros_ws/install/examples_rclpy_guard_conditions/lib/examples_rclpy_guard_conditions
[9.838s] writing list of installed files to '/home/diego/Documents/diego_labiras/ros_ws/build/examples_rclpy_guard_conditions/install.log'
[9.919s] Invoked command in '/home/diego/Documents/diego_labiras/ros_ws/src/examples/rclpy/guard_conditions' returned '0': PYTHONPATH=/home/diego/Documents/diego_labiras/ros_ws/build/examples_rclpy_guard_conditions/prefix_override:/usr/lib/python3/dist-packages/colcon_core/task/python/colcon_distutils_commands:/home/diego/Documents/diego_labiras/ros_ws/install/examples_rclpy_guard_conditions/lib/python3.10/site-packages:${PYTHONPATH} /usr/bin/python3 -W ignore:setup.py install is deprecated -W ignore:easy_install command is deprecated setup.py egg_info --egg-base ../../../../build/examples_rclpy_guard_conditions build --build-base /home/diego/Documents/diego_labiras/ros_ws/build/examples_rclpy_guard_conditions/build install --record /home/diego/Documents/diego_labiras/ros_ws/build/examples_rclpy_guard_conditions/install.log --single-version-externally-managed install_data
