[4.916s] Invoking command in '/home/diego/Documents/diego_labiras/ros_ws/src/py_pubsub': PYTHONPATH=/home/diego/Documents/diego_labiras/ros_ws/build/py_pubsub/prefix_override:/usr/lib/python3/dist-packages/colcon_core/task/python/colcon_distutils_commands:/home/diego/Documents/diego_labiras/ros_ws/install/py_pubsub/lib/python3.10/site-packages:${PYTHONPATH} /usr/bin/python3 -W ignore:setup.py install is deprecated -W ignore:easy_install command is deprecated setup.py egg_info --egg-base ../../build/py_pubsub build --build-base /home/diego/Documents/diego_labiras/ros_ws/build/py_pubsub/build install --record /home/diego/Documents/diego_labiras/ros_ws/build/py_pubsub/install.log --single-version-externally-managed install_data
[6.575s] running egg_info
[6.679s] writing ../../build/py_pubsub/py_pubsub.egg-info/PKG-INFO
[6.682s] writing dependency_links to ../../build/py_pubsub/py_pubsub.egg-info/dependency_links.txt
[6.682s] writing entry points to ../../build/py_pubsub/py_pubsub.egg-info/entry_points.txt
[6.682s] writing requirements to ../../build/py_pubsub/py_pubsub.egg-info/requires.txt
[6.682s] writing top-level names to ../../build/py_pubsub/py_pubsub.egg-info/top_level.txt
[6.900s] reading manifest file '../../build/py_pubsub/py_pubsub.egg-info/SOURCES.txt'
[6.903s] adding license file 'LICENSE'
[6.904s] writing manifest file '../../build/py_pubsub/py_pubsub.egg-info/SOURCES.txt'
[6.905s] running build
[6.906s] running build_py
[6.906s] copying py_pubsub/__init__.py -> /home/diego/Documents/diego_labiras/ros_ws/build/py_pubsub/build/lib/py_pubsub
[6.907s] copying py_pubsub/publisher_member_function.py -> /home/diego/Documents/diego_labiras/ros_ws/build/py_pubsub/build/lib/py_pubsub
[6.907s] running install
[6.927s] running install_lib
[7.026s] running install_data
[7.027s] copying resource/py_pubsub -> /home/diego/Documents/diego_labiras/ros_ws/install/py_pubsub/share/ament_index/resource_index/packages
[7.028s] copying package.xml -> /home/diego/Documents/diego_labiras/ros_ws/install/py_pubsub/share/py_pubsub
[7.028s] running install_egg_info
[7.173s] removing '/home/diego/Documents/diego_labiras/ros_ws/install/py_pubsub/lib/python3.10/site-packages/py_pubsub-0.0.0-py3.10.egg-info' (and everything under it)
[7.174s] Copying ../../build/py_pubsub/py_pubsub.egg-info to /home/diego/Documents/diego_labiras/ros_ws/install/py_pubsub/lib/python3.10/site-packages/py_pubsub-0.0.0-py3.10.egg-info
[7.178s] running install_scripts
[7.874s] Installing talker script to /home/diego/Documents/diego_labiras/ros_ws/install/py_pubsub/lib/py_pubsub
[7.875s] writing list of installed files to '/home/diego/Documents/diego_labiras/ros_ws/build/py_pubsub/install.log'
[7.950s] Invoked command in '/home/diego/Documents/diego_labiras/ros_ws/src/py_pubsub' returned '0': PYTHONPATH=/home/diego/Documents/diego_labiras/ros_ws/build/py_pubsub/prefix_override:/usr/lib/python3/dist-packages/colcon_core/task/python/colcon_distutils_commands:/home/diego/Documents/diego_labiras/ros_ws/install/py_pubsub/lib/python3.10/site-packages:${PYTHONPATH} /usr/bin/python3 -W ignore:setup.py install is deprecated -W ignore:easy_install command is deprecated setup.py egg_info --egg-base ../../build/py_pubsub build --build-base /home/diego/Documents/diego_labiras/ros_ws/build/py_pubsub/build install --record /home/diego/Documents/diego_labiras/ros_ws/build/py_pubsub/install.log --single-version-externally-managed install_data
