[0.022s] Invoking command in '/home/diego/Documents/diego_labiras/ros_ws/build/tutorial_interfaces': CMAKE_PREFIX_PATH=/opt/ros/iron /usr/bin/cmake /home/diego/Documents/diego_labiras/ros_ws/src/tutorial_interfaces -DCMAKE_INSTALL_PREFIX=/home/diego/Documents/diego_labiras/ros_ws/install/tutorial_interfaces
[0.037s] -- Found ament_cmake: 1.3.9 (/opt/ros/humble/share/ament_cmake/cmake)
[0.206s] -- Found geometry_msgs: 4.2.3 (/opt/ros/humble/share/geometry_msgs/cmake)
[0.238s] -- Found rosidl_generator_c: 3.1.5 (/opt/ros/humble/share/rosidl_generator_c/cmake)
[0.242s] -- Found rosidl_adapter: 3.1.5 (/opt/ros/humble/share/rosidl_adapter/cmake)
[0.250s] -- Found rosidl_generator_cpp: 3.1.5 (/opt/ros/humble/share/rosidl_generator_cpp/cmake)
[0.264s] -- Using all available rosidl_typesupport_c: rosidl_typesupport_fastrtps_c;rosidl_typesupport_introspection_c
[0.284s] -- Using all available rosidl_typesupport_cpp: rosidl_typesupport_fastrtps_cpp;rosidl_typesupport_introspection_cpp
[0.459s] -- Found rosidl_default_generators: 1.2.0 (/opt/ros/humble/share/rosidl_default_generators/cmake)
[0.858s] -- Found ament_cmake_ros: 0.10.0 (/opt/ros/humble/share/ament_cmake_ros/cmake)
[1.403s] -- Using all available rosidl_typesupport_c: rosidl_typesupport_fastrtps_c;rosidl_typesupport_introspection_c
[1.633s] -- Using all available rosidl_typesupport_cpp: rosidl_typesupport_fastrtps_cpp;rosidl_typesupport_introspection_cpp
[1.661s] -- Found python_cmake_module: 0.10.0 (/opt/ros/humble/share/python_cmake_module/cmake)
[1.691s] -- Using PYTHON_EXECUTABLE: /usr/bin/python3
[1.691s] -- Using PYTHON_INCLUDE_DIRS: /usr/include/python3.10
[1.691s] -- Using PYTHON_LIBRARIES: /usr/lib/x86_64-linux-gnu/libpython3.10.so
[1.819s] [31mCMake Error at /opt/ros/humble/share/rosidl_cmake/cmake/rosidl_write_generator_arguments.cmake:44 (message):
[1.819s]   rosidl_write_generator_arguments() called with unused arguments:
[1.819s]   INCLUDE_PATHS;geometry_msgs:/opt/ros/humble/share/geometry_msgs;std_msgs:/opt/ros/humble/share/std_msgs
[1.820s] Call Stack (most recent call first):
[1.820s]   /opt/ros/iron/share/rosidl_generator_type_description/cmake/rosidl_generator_type_description_generate_interfaces.cmake:57 (rosidl_write_generator_arguments)
[1.820s]   /opt/ros/humble/share/ament_cmake_core/cmake/core/ament_execute_extensions.cmake:48 (include)
[1.820s]   /opt/ros/humble/share/rosidl_cmake/cmake/rosidl_generate_interfaces.cmake:286 (ament_execute_extensions)
[1.820s]   CMakeLists.txt:17 (rosidl_generate_interfaces)
[1.820s] 
[1.820s] [0m
[1.820s] -- Configuring incomplete, errors occurred!
[1.820s] See also "/home/diego/Documents/diego_labiras/ros_ws/build/tutorial_interfaces/CMakeFiles/CMakeOutput.log".
[1.831s] Invoked command in '/home/diego/Documents/diego_labiras/ros_ws/build/tutorial_interfaces' returned '1': CMAKE_PREFIX_PATH=/opt/ros/iron /usr/bin/cmake /home/diego/Documents/diego_labiras/ros_ws/src/tutorial_interfaces -DCMAKE_INSTALL_PREFIX=/home/diego/Documents/diego_labiras/ros_ws/install/tutorial_interfaces
