[0.103s] Invoking command in '/home/diego/Documents/diego_labiras/ros_ws/build/tutorial_interfaces': CMAKE_PREFIX_PATH=/opt/ros/iron /usr/bin/cmake /home/diego/Documents/diego_labiras/ros_ws/src/tutorial_interfaces -DCMAKE_INSTALL_PREFIX=/home/diego/Documents/diego_labiras/ros_ws/install/tutorial_interfaces
[0.121s] -- Found ament_cmake: 1.3.9 (/opt/ros/humble/share/ament_cmake/cmake)
[0.289s] -- Found geometry_msgs: 4.2.3 (/opt/ros/humble/share/geometry_msgs/cmake)
[0.323s] -- Found rosidl_generator_c: 3.1.5 (/opt/ros/humble/share/rosidl_generator_c/cmake)
[0.327s] -- Found rosidl_adapter: 3.1.5 (/opt/ros/humble/share/rosidl_adapter/cmake)
[0.335s] -- Found rosidl_generator_cpp: 3.1.5 (/opt/ros/humble/share/rosidl_generator_cpp/cmake)
[0.353s] -- Using all available rosidl_typesupport_c: rosidl_typesupport_fastrtps_c;rosidl_typesupport_introspection_c
[0.378s] -- Using all available rosidl_typesupport_cpp: rosidl_typesupport_fastrtps_cpp;rosidl_typesupport_introspection_cpp
[0.528s] -- Found rosidl_default_generators: 1.2.0 (/opt/ros/humble/share/rosidl_default_generators/cmake)
[0.844s] -- Found ament_cmake_ros: 0.10.0 (/opt/ros/humble/share/ament_cmake_ros/cmake)
[1.228s] -- Using all available rosidl_typesupport_c: rosidl_typesupport_fastrtps_c;rosidl_typesupport_introspection_c
[1.377s] -- Using all available rosidl_typesupport_cpp: rosidl_typesupport_fastrtps_cpp;rosidl_typesupport_introspection_cpp
[1.406s] -- Found python_cmake_module: 0.10.0 (/opt/ros/humble/share/python_cmake_module/cmake)
[1.435s] -- Using PYTHON_EXECUTABLE: /usr/bin/python3
[1.435s] -- Using PYTHON_INCLUDE_DIRS: /usr/include/python3.10
[1.435s] -- Using PYTHON_LIBRARIES: /usr/lib/x86_64-linux-gnu/libpython3.10.so
[1.527s] [31mCMake Error at /opt/ros/humble/share/rosidl_cmake/cmake/rosidl_write_generator_arguments.cmake:44 (message):
[1.527s]   rosidl_write_generator_arguments() called with unused arguments:
[1.528s]   INCLUDE_PATHS
[1.528s] Call Stack (most recent call first):
[1.528s]   /opt/ros/iron/share/rosidl_generator_type_description/cmake/rosidl_generator_type_description_generate_interfaces.cmake:57 (rosidl_write_generator_arguments)
[1.528s]   /opt/ros/humble/share/ament_cmake_core/cmake/core/ament_execute_extensions.cmake:48 (include)
[1.529s]   /opt/ros/humble/share/rosidl_cmake/cmake/rosidl_generate_interfaces.cmake:286 (ament_execute_extensions)
[1.529s]   CMakeLists.txt:17 (rosidl_generate_interfaces)
[1.529s] 
[1.529s] [0m
[1.529s] -- Configuring incomplete, errors occurred!
[1.529s] See also "/home/diego/Documents/diego_labiras/ros_ws/build/tutorial_interfaces/CMakeFiles/CMakeOutput.log".
[1.540s] Invoked command in '/home/diego/Documents/diego_labiras/ros_ws/build/tutorial_interfaces' returned '1': CMAKE_PREFIX_PATH=/opt/ros/iron /usr/bin/cmake /home/diego/Documents/diego_labiras/ros_ws/src/tutorial_interfaces -DCMAKE_INSTALL_PREFIX=/home/diego/Documents/diego_labiras/ros_ws/install/tutorial_interfaces
