[6.343s] Invoking command in '/home/diego/Documents/diego_labiras/ros_ws/src/examples/rclpy/topics/pointcloud_publisher': PYTHONPATH=/home/diego/Documents/diego_labiras/ros_ws/build/examples_rclpy_pointcloud_publisher/prefix_override:/usr/lib/python3/dist-packages/colcon_core/task/python/colcon_distutils_commands:/home/diego/Documents/diego_labiras/ros_ws/install/examples_rclpy_pointcloud_publisher/lib/python3.10/site-packages:${PYTHONPATH} /usr/bin/python3 -W ignore:setup.py install is deprecated -W ignore:easy_install command is deprecated setup.py egg_info --egg-base ../../../../../build/examples_rclpy_pointcloud_publisher build --build-base /home/diego/Documents/diego_labiras/ros_ws/build/examples_rclpy_pointcloud_publisher/build install --record /home/diego/Documents/diego_labiras/ros_ws/build/examples_rclpy_pointcloud_publisher/install.log --single-version-externally-managed install_data
[8.321s] running egg_info
[8.321s] creating ../../../../../build/examples_rclpy_pointcloud_publisher/examples_rclpy_pointcloud_publisher.egg-info
[9.656s] writing ../../../../../build/examples_rclpy_pointcloud_publisher/examples_rclpy_pointcloud_publisher.egg-info/PKG-INFO
[9.658s] writing dependency_links to ../../../../../build/examples_rclpy_pointcloud_publisher/examples_rclpy_pointcloud_publisher.egg-info/dependency_links.txt
[9.658s] writing entry points to ../../../../../build/examples_rclpy_pointcloud_publisher/examples_rclpy_pointcloud_publisher.egg-info/entry_points.txt
[9.658s] writing requirements to ../../../../../build/examples_rclpy_pointcloud_publisher/examples_rclpy_pointcloud_publisher.egg-info/requires.txt
[9.659s] writing top-level names to ../../../../../build/examples_rclpy_pointcloud_publisher/examples_rclpy_pointcloud_publisher.egg-info/top_level.txt
[9.659s] writing manifest file '../../../../../build/examples_rclpy_pointcloud_publisher/examples_rclpy_pointcloud_publisher.egg-info/SOURCES.txt'
[9.883s] reading manifest file '../../../../../build/examples_rclpy_pointcloud_publisher/examples_rclpy_pointcloud_publisher.egg-info/SOURCES.txt'
[9.886s] writing manifest file '../../../../../build/examples_rclpy_pointcloud_publisher/examples_rclpy_pointcloud_publisher.egg-info/SOURCES.txt'
[9.886s] running build
[9.886s] running build_py
[9.887s] creating /home/diego/Documents/diego_labiras/ros_ws/build/examples_rclpy_pointcloud_publisher/build
[9.888s] creating /home/diego/Documents/diego_labiras/ros_ws/build/examples_rclpy_pointcloud_publisher/build/lib
[9.888s] creating /home/diego/Documents/diego_labiras/ros_ws/build/examples_rclpy_pointcloud_publisher/build/lib/examples_rclpy_pointcloud_publisher
[9.889s] copying examples_rclpy_pointcloud_publisher/__init__.py -> /home/diego/Documents/diego_labiras/ros_ws/build/examples_rclpy_pointcloud_publisher/build/lib/examples_rclpy_pointcloud_publisher
[9.891s] copying examples_rclpy_pointcloud_publisher/pointcloud_publisher.py -> /home/diego/Documents/diego_labiras/ros_ws/build/examples_rclpy_pointcloud_publisher/build/lib/examples_rclpy_pointcloud_publisher
[9.891s] running install
[9.915s] running install_lib
[10.031s] creating /home/diego/Documents/diego_labiras/ros_ws/install/examples_rclpy_pointcloud_publisher/lib/python3.10/site-packages/examples_rclpy_pointcloud_publisher
[10.032s] copying /home/diego/Documents/diego_labiras/ros_ws/build/examples_rclpy_pointcloud_publisher/build/lib/examples_rclpy_pointcloud_publisher/__init__.py -> /home/diego/Documents/diego_labiras/ros_ws/install/examples_rclpy_pointcloud_publisher/lib/python3.10/site-packages/examples_rclpy_pointcloud_publisher
[10.033s] copying /home/diego/Documents/diego_labiras/ros_ws/build/examples_rclpy_pointcloud_publisher/build/lib/examples_rclpy_pointcloud_publisher/pointcloud_publisher.py -> /home/diego/Documents/diego_labiras/ros_ws/install/examples_rclpy_pointcloud_publisher/lib/python3.10/site-packages/examples_rclpy_pointcloud_publisher
[10.041s] byte-compiling /home/diego/Documents/diego_labiras/ros_ws/install/examples_rclpy_pointcloud_publisher/lib/python3.10/site-packages/examples_rclpy_pointcloud_publisher/__init__.py to __init__.cpython-310.pyc
[10.043s] byte-compiling /home/diego/Documents/diego_labiras/ros_ws/install/examples_rclpy_pointcloud_publisher/lib/python3.10/site-packages/examples_rclpy_pointcloud_publisher/pointcloud_publisher.py to pointcloud_publisher.cpython-310.pyc
[10.044s] running install_data
[10.045s] creating /home/diego/Documents/diego_labiras/ros_ws/install/examples_rclpy_pointcloud_publisher/share/ament_index
[10.047s] creating /home/diego/Documents/diego_labiras/ros_ws/install/examples_rclpy_pointcloud_publisher/share/ament_index/resource_index
[10.047s] creating /home/diego/Documents/diego_labiras/ros_ws/install/examples_rclpy_pointcloud_publisher/share/ament_index/resource_index/packages
[10.047s] copying resource/examples_rclpy_pointcloud_publisher -> /home/diego/Documents/diego_labiras/ros_ws/install/examples_rclpy_pointcloud_publisher/share/ament_index/resource_index/packages
[10.048s] copying package.xml -> /home/diego/Documents/diego_labiras/ros_ws/install/examples_rclpy_pointcloud_publisher/share/examples_rclpy_pointcloud_publisher
[10.051s] running install_egg_info
[10.220s] Copying ../../../../../build/examples_rclpy_pointcloud_publisher/examples_rclpy_pointcloud_publisher.egg-info to /home/diego/Documents/diego_labiras/ros_ws/install/examples_rclpy_pointcloud_publisher/lib/python3.10/site-packages/examples_rclpy_pointcloud_publisher-0.15.1-py3.10.egg-info
[10.220s] running install_scripts
[11.011s] Installing pointcloud_publisher script to /home/diego/Documents/diego_labiras/ros_ws/install/examples_rclpy_pointcloud_publisher/lib/examples_rclpy_pointcloud_publisher
[11.012s] writing list of installed files to '/home/diego/Documents/diego_labiras/ros_ws/build/examples_rclpy_pointcloud_publisher/install.log'
[11.104s] Invoked command in '/home/diego/Documents/diego_labiras/ros_ws/src/examples/rclpy/topics/pointcloud_publisher' returned '0': PYTHONPATH=/home/diego/Documents/diego_labiras/ros_ws/build/examples_rclpy_pointcloud_publisher/prefix_override:/usr/lib/python3/dist-packages/colcon_core/task/python/colcon_distutils_commands:/home/diego/Documents/diego_labiras/ros_ws/install/examples_rclpy_pointcloud_publisher/lib/python3.10/site-packages:${PYTHONPATH} /usr/bin/python3 -W ignore:setup.py install is deprecated -W ignore:easy_install command is deprecated setup.py egg_info --egg-base ../../../../../build/examples_rclpy_pointcloud_publisher build --build-base /home/diego/Documents/diego_labiras/ros_ws/build/examples_rclpy_pointcloud_publisher/build install --record /home/diego/Documents/diego_labiras/ros_ws/build/examples_rclpy_pointcloud_publisher/install.log --single-version-externally-managed install_data
