-- The C compiler identification is GNU 11.4.0
-- The CXX compiler identification is GNU 11.4.0
-- Detecting C compiler ABI info
-- Detecting C compiler ABI info - done
-- Check for working C compiler: /usr/lib/ccache/gcc - skipped
-- Detecting C compile features
-- Detecting C compile features - done
-- Detecting CXX compiler ABI info
-- Detecting CXX compiler ABI info - done
-- Check for working CXX compiler: /usr/lib/ccache/g++ - skipped
-- Detecting CXX compile features
-- Detecting CXX compile features - done
-- Found ament_cmake: 1.3.9 (/home/diego/ros2_humble/install/ament_cmake/share/ament_cmake/cmake)
-- Found Python3: /usr/bin/python3 (found version "3.10.12") found components: Interpreter 
-- Found example_interfaces: 0.9.3 (/home/diego/ros2_humble/install/example_interfaces/share/example_interfaces/cmake)
-- Found rosidl_generator_c: 3.1.5 (/home/diego/ros2_humble/install/rosidl_generator_c/share/rosidl_generator_c/cmake)
-- Found rosidl_adapter: 3.1.5 (/home/diego/ros2_humble/install/rosidl_adapter/share/rosidl_adapter/cmake)
-- Found rosidl_generator_cpp: 3.1.5 (/home/diego/ros2_humble/install/rosidl_generator_cpp/share/rosidl_generator_cpp/cmake)
-- Using all available rosidl_typesupport_c: rosidl_typesupport_introspection_c;rosidl_typesupport_fastrtps_c
-- Using all available rosidl_typesupport_cpp: rosidl_typesupport_introspection_cpp;rosidl_typesupport_fastrtps_cpp
-- Found rclcpp: 16.0.9 (/home/diego/ros2_humble/install/rclcpp/share/rclcpp/cmake)
-- Found rmw_implementation_cmake: 6.1.2 (/home/diego/ros2_humble/install/rmw_implementation_cmake/share/rmw_implementation_cmake/cmake)
-- Found rmw_fastrtps_cpp: 6.2.6 (/home/diego/ros2_humble/install/rmw_fastrtps_cpp/share/rmw_fastrtps_cpp/cmake)
-- Found OpenSSL: /usr/lib/x86_64-linux-gnu/libcrypto.so (found version "3.0.2")  
-- Found FastRTPS: /home/diego/ros2_humble/install/fastrtps/include  
-- Using RMW implementation 'rmw_fastrtps_cpp' as default
-- Looking for pthread.h
-- Looking for pthread.h - found
-- Performing Test CMAKE_HAVE_LIBC_PTHREAD
-- Performing Test CMAKE_HAVE_LIBC_PTHREAD - Success
-- Found Threads: TRUE  
-- Found ament_lint_auto: 0.12.11 (/home/diego/ros2_humble/install/ament_lint_auto/share/ament_lint_auto/cmake)
-- Added test 'copyright' to check source files copyright and LICENSE
-- Added test 'cppcheck' to perform static code analysis on C / C++ code
-- Configured cppcheck include dirs: 
-- Configured cppcheck exclude dirs and/or files: 
-- Added test 'cpplint' to check C / C++ code against the Google style
-- Configured cpplint exclude dirs and/or files: 
-- Added test 'lint_cmake' to check CMake code style
-- Added test 'uncrustify' to check C / C++ code style
-- Configured uncrustify additional arguments: 
-- Added test 'xmllint' to check XML markup files
-- Configuring done
-- Generating done
-- Build files have been written to: /home/diego/Documents/diego_labiras/ros_ws/build/examples_rclcpp_minimal_service
[ 50%] [32mBuilding CXX object CMakeFiles/service_main.dir/main.cpp.o[0m
[100%] [32m[1mLinking CXX executable service_main[0m
[100%] Built target service_main
-- Install configuration: ""
-- Installing: /home/diego/Documents/diego_labiras/ros_ws/install/examples_rclcpp_minimal_service/lib/examples_rclcpp_minimal_service/service_main
-- Set runtime path of "/home/diego/Documents/diego_labiras/ros_ws/install/examples_rclcpp_minimal_service/lib/examples_rclcpp_minimal_service/service_main" to ""
-- Installing: /home/diego/Documents/diego_labiras/ros_ws/install/examples_rclcpp_minimal_service/share/ament_index/resource_index/package_run_dependencies/examples_rclcpp_minimal_service
-- Installing: /home/diego/Documents/diego_labiras/ros_ws/install/examples_rclcpp_minimal_service/share/ament_index/resource_index/parent_prefix_path/examples_rclcpp_minimal_service
-- Installing: /home/diego/Documents/diego_labiras/ros_ws/install/examples_rclcpp_minimal_service/share/examples_rclcpp_minimal_service/environment/ament_prefix_path.sh
-- Installing: /home/diego/Documents/diego_labiras/ros_ws/install/examples_rclcpp_minimal_service/share/examples_rclcpp_minimal_service/environment/ament_prefix_path.dsv
-- Installing: /home/diego/Documents/diego_labiras/ros_ws/install/examples_rclcpp_minimal_service/share/examples_rclcpp_minimal_service/environment/path.sh
-- Installing: /home/diego/Documents/diego_labiras/ros_ws/install/examples_rclcpp_minimal_service/share/examples_rclcpp_minimal_service/environment/path.dsv
-- Installing: /home/diego/Documents/diego_labiras/ros_ws/install/examples_rclcpp_minimal_service/share/examples_rclcpp_minimal_service/local_setup.bash
-- Installing: /home/diego/Documents/diego_labiras/ros_ws/install/examples_rclcpp_minimal_service/share/examples_rclcpp_minimal_service/local_setup.sh
-- Installing: /home/diego/Documents/diego_labiras/ros_ws/install/examples_rclcpp_minimal_service/share/examples_rclcpp_minimal_service/local_setup.zsh
-- Installing: /home/diego/Documents/diego_labiras/ros_ws/install/examples_rclcpp_minimal_service/share/examples_rclcpp_minimal_service/local_setup.dsv
-- Installing: /home/diego/Documents/diego_labiras/ros_ws/install/examples_rclcpp_minimal_service/share/examples_rclcpp_minimal_service/package.dsv
-- Installing: /home/diego/Documents/diego_labiras/ros_ws/install/examples_rclcpp_minimal_service/share/ament_index/resource_index/packages/examples_rclcpp_minimal_service
-- Installing: /home/diego/Documents/diego_labiras/ros_ws/install/examples_rclcpp_minimal_service/share/examples_rclcpp_minimal_service/cmake/examples_rclcpp_minimal_serviceConfig.cmake
-- Installing: /home/diego/Documents/diego_labiras/ros_ws/install/examples_rclcpp_minimal_service/share/examples_rclcpp_minimal_service/cmake/examples_rclcpp_minimal_serviceConfig-version.cmake
-- Installing: /home/diego/Documents/diego_labiras/ros_ws/install/examples_rclcpp_minimal_service/share/examples_rclcpp_minimal_service/package.xml
