[8.104s] Invoking command in '/home/diego/Documents/diego_labiras/ros_ws/src/examples/rclpy/services/minimal_service': PYTHONPATH=/home/diego/Documents/diego_labiras/ros_ws/build/examples_rclpy_minimal_service/prefix_override:/usr/lib/python3/dist-packages/colcon_core/task/python/colcon_distutils_commands:/home/diego/Documents/diego_labiras/ros_ws/install/examples_rclpy_minimal_service/lib/python3.10/site-packages:${PYTHONPATH} /usr/bin/python3 -W ignore:setup.py install is deprecated -W ignore:easy_install command is deprecated setup.py egg_info --egg-base ../../../../../build/examples_rclpy_minimal_service build --build-base /home/diego/Documents/diego_labiras/ros_ws/build/examples_rclpy_minimal_service/build install --record /home/diego/Documents/diego_labiras/ros_ws/build/examples_rclpy_minimal_service/install.log --single-version-externally-managed install_data
[10.461s] running egg_info
[10.462s] creating ../../../../../build/examples_rclpy_minimal_service/examples_rclpy_minimal_service.egg-info
[10.571s] writing ../../../../../build/examples_rclpy_minimal_service/examples_rclpy_minimal_service.egg-info/PKG-INFO
[10.572s] writing dependency_links to ../../../../../build/examples_rclpy_minimal_service/examples_rclpy_minimal_service.egg-info/dependency_links.txt
[10.573s] writing entry points to ../../../../../build/examples_rclpy_minimal_service/examples_rclpy_minimal_service.egg-info/entry_points.txt
[10.575s] writing requirements to ../../../../../build/examples_rclpy_minimal_service/examples_rclpy_minimal_service.egg-info/requires.txt
[10.576s] writing top-level names to ../../../../../build/examples_rclpy_minimal_service/examples_rclpy_minimal_service.egg-info/top_level.txt
[10.578s] writing manifest file '../../../../../build/examples_rclpy_minimal_service/examples_rclpy_minimal_service.egg-info/SOURCES.txt'
[10.804s] reading manifest file '../../../../../build/examples_rclpy_minimal_service/examples_rclpy_minimal_service.egg-info/SOURCES.txt'
[10.804s] writing manifest file '../../../../../build/examples_rclpy_minimal_service/examples_rclpy_minimal_service.egg-info/SOURCES.txt'
[10.807s] running build
[10.807s] running build_py
[10.807s] creating /home/diego/Documents/diego_labiras/ros_ws/build/examples_rclpy_minimal_service/build
[10.810s] creating /home/diego/Documents/diego_labiras/ros_ws/build/examples_rclpy_minimal_service/build/lib
[10.810s] creating /home/diego/Documents/diego_labiras/ros_ws/build/examples_rclpy_minimal_service/build/lib/examples_rclpy_minimal_service
[10.811s] copying examples_rclpy_minimal_service/__init__.py -> /home/diego/Documents/diego_labiras/ros_ws/build/examples_rclpy_minimal_service/build/lib/examples_rclpy_minimal_service
[10.811s] copying examples_rclpy_minimal_service/service_member_function.py -> /home/diego/Documents/diego_labiras/ros_ws/build/examples_rclpy_minimal_service/build/lib/examples_rclpy_minimal_service
[10.812s] copying examples_rclpy_minimal_service/service.py -> /home/diego/Documents/diego_labiras/ros_ws/build/examples_rclpy_minimal_service/build/lib/examples_rclpy_minimal_service
[10.812s] running install
[10.839s] running install_lib
[10.961s] creating /home/diego/Documents/diego_labiras/ros_ws/install/examples_rclpy_minimal_service/lib/python3.10/site-packages/examples_rclpy_minimal_service
[10.961s] copying /home/diego/Documents/diego_labiras/ros_ws/build/examples_rclpy_minimal_service/build/lib/examples_rclpy_minimal_service/__init__.py -> /home/diego/Documents/diego_labiras/ros_ws/install/examples_rclpy_minimal_service/lib/python3.10/site-packages/examples_rclpy_minimal_service
[10.961s] copying /home/diego/Documents/diego_labiras/ros_ws/build/examples_rclpy_minimal_service/build/lib/examples_rclpy_minimal_service/service_member_function.py -> /home/diego/Documents/diego_labiras/ros_ws/install/examples_rclpy_minimal_service/lib/python3.10/site-packages/examples_rclpy_minimal_service
[10.965s] copying /home/diego/Documents/diego_labiras/ros_ws/build/examples_rclpy_minimal_service/build/lib/examples_rclpy_minimal_service/service.py -> /home/diego/Documents/diego_labiras/ros_ws/install/examples_rclpy_minimal_service/lib/python3.10/site-packages/examples_rclpy_minimal_service
[10.971s] byte-compiling /home/diego/Documents/diego_labiras/ros_ws/install/examples_rclpy_minimal_service/lib/python3.10/site-packages/examples_rclpy_minimal_service/__init__.py to __init__.cpython-310.pyc
[10.972s] byte-compiling /home/diego/Documents/diego_labiras/ros_ws/install/examples_rclpy_minimal_service/lib/python3.10/site-packages/examples_rclpy_minimal_service/service_member_function.py to service_member_function.cpython-310.pyc
[10.975s] byte-compiling /home/diego/Documents/diego_labiras/ros_ws/install/examples_rclpy_minimal_service/lib/python3.10/site-packages/examples_rclpy_minimal_service/service.py to service.cpython-310.pyc
[10.977s] running install_data
[10.981s] creating /home/diego/Documents/diego_labiras/ros_ws/install/examples_rclpy_minimal_service/share/ament_index
[10.981s] creating /home/diego/Documents/diego_labiras/ros_ws/install/examples_rclpy_minimal_service/share/ament_index/resource_index
[10.981s] creating /home/diego/Documents/diego_labiras/ros_ws/install/examples_rclpy_minimal_service/share/ament_index/resource_index/packages
[10.981s] copying resource/examples_rclpy_minimal_service -> /home/diego/Documents/diego_labiras/ros_ws/install/examples_rclpy_minimal_service/share/ament_index/resource_index/packages
[10.981s] copying package.xml -> /home/diego/Documents/diego_labiras/ros_ws/install/examples_rclpy_minimal_service/share/examples_rclpy_minimal_service
[10.982s] running install_egg_info
[11.145s] Copying ../../../../../build/examples_rclpy_minimal_service/examples_rclpy_minimal_service.egg-info to /home/diego/Documents/diego_labiras/ros_ws/install/examples_rclpy_minimal_service/lib/python3.10/site-packages/examples_rclpy_minimal_service-0.15.1-py3.10.egg-info
[11.151s] running install_scripts
[11.977s] Installing service script to /home/diego/Documents/diego_labiras/ros_ws/install/examples_rclpy_minimal_service/lib/examples_rclpy_minimal_service
[11.980s] Installing service_member_function script to /home/diego/Documents/diego_labiras/ros_ws/install/examples_rclpy_minimal_service/lib/examples_rclpy_minimal_service
[11.980s] writing list of installed files to '/home/diego/Documents/diego_labiras/ros_ws/build/examples_rclpy_minimal_service/install.log'
[12.072s] Invoked command in '/home/diego/Documents/diego_labiras/ros_ws/src/examples/rclpy/services/minimal_service' returned '0': PYTHONPATH=/home/diego/Documents/diego_labiras/ros_ws/build/examples_rclpy_minimal_service/prefix_override:/usr/lib/python3/dist-packages/colcon_core/task/python/colcon_distutils_commands:/home/diego/Documents/diego_labiras/ros_ws/install/examples_rclpy_minimal_service/lib/python3.10/site-packages:${PYTHONPATH} /usr/bin/python3 -W ignore:setup.py install is deprecated -W ignore:easy_install command is deprecated setup.py egg_info --egg-base ../../../../../build/examples_rclpy_minimal_service build --build-base /home/diego/Documents/diego_labiras/ros_ws/build/examples_rclpy_minimal_service/build install --record /home/diego/Documents/diego_labiras/ros_ws/build/examples_rclpy_minimal_service/install.log --single-version-externally-managed install_data
