-- Found ament_cmake: 1.3.11 (/opt/ros/humble/share/ament_cmake/cmake)
-- Found ament_lint_auto: 0.12.11 (/home/diego/ros2_humble/install/ament_lint_auto/share/ament_lint_auto/cmake)
-- Added test 'lint_cmake' to check CMake code style
-- Added test 'xmllint' to check XML markup files
-- Configuring done
-- Generating done
-- Build files have been written to: /home/diego/Documents/diego_labiras/ros_ws/build/tutorial_interfaces
-- Install configuration: ""
-- Installing: /home/diego/Documents/diego_labiras/ros_ws/install/tutorial_interfaces/share/ament_index/resource_index/package_run_dependencies/tutorial_interfaces
-- Installing: /home/diego/Documents/diego_labiras/ros_ws/install/tutorial_interfaces/share/ament_index/resource_index/parent_prefix_path/tutorial_interfaces
-- Installing: /home/diego/Documents/diego_labiras/ros_ws/install/tutorial_interfaces/share/tutorial_interfaces/environment/ament_prefix_path.sh
-- Installing: /home/diego/Documents/diego_labiras/ros_ws/install/tutorial_interfaces/share/tutorial_interfaces/environment/ament_prefix_path.dsv
-- Installing: /home/diego/Documents/diego_labiras/ros_ws/install/tutorial_interfaces/share/tutorial_interfaces/environment/path.sh
-- Installing: /home/diego/Documents/diego_labiras/ros_ws/install/tutorial_interfaces/share/tutorial_interfaces/environment/path.dsv
-- Installing: /home/diego/Documents/diego_labiras/ros_ws/install/tutorial_interfaces/share/tutorial_interfaces/local_setup.bash
-- Installing: /home/diego/Documents/diego_labiras/ros_ws/install/tutorial_interfaces/share/tutorial_interfaces/local_setup.sh
-- Installing: /home/diego/Documents/diego_labiras/ros_ws/install/tutorial_interfaces/share/tutorial_interfaces/local_setup.zsh
-- Installing: /home/diego/Documents/diego_labiras/ros_ws/install/tutorial_interfaces/share/tutorial_interfaces/local_setup.dsv
-- Installing: /home/diego/Documents/diego_labiras/ros_ws/install/tutorial_interfaces/share/tutorial_interfaces/package.dsv
-- Installing: /home/diego/Documents/diego_labiras/ros_ws/install/tutorial_interfaces/share/ament_index/resource_index/packages/tutorial_interfaces
-- Installing: /home/diego/Documents/diego_labiras/ros_ws/install/tutorial_interfaces/share/tutorial_interfaces/cmake/tutorial_interfacesConfig.cmake
-- Installing: /home/diego/Documents/diego_labiras/ros_ws/install/tutorial_interfaces/share/tutorial_interfaces/cmake/tutorial_interfacesConfig-version.cmake
-- Installing: /home/diego/Documents/diego_labiras/ros_ws/install/tutorial_interfaces/share/tutorial_interfaces/package.xml
