[1.458s] Invoking command in '/home/diego/Documents/diego_labiras/ros_ws/src/py_pubsub': PYTHONPATH=/home/diego/Documents/diego_labiras/ros_ws/build/py_pubsub/prefix_override:/home/diego/Documents/diego_labiras/ros_ws/install/py_pubsub/lib/python3.10/site-packages:${PYTHONPATH} /usr/bin/python3 -W ignore:setup.py install is deprecated setup.py egg_info --egg-base ../../build/py_pubsub build --build-base /home/diego/Documents/diego_labiras/ros_ws/build/py_pubsub/build install --record /home/diego/Documents/diego_labiras/ros_ws/build/py_pubsub/install.log --single-version-externally-managed install_data
[1.876s] running egg_info
[1.876s] creating ../../build/py_pubsub/py_pubsub.egg-info
[1.904s] writing ../../build/py_pubsub/py_pubsub.egg-info/PKG-INFO
[1.905s] writing dependency_links to ../../build/py_pubsub/py_pubsub.egg-info/dependency_links.txt
[1.905s] writing entry points to ../../build/py_pubsub/py_pubsub.egg-info/entry_points.txt
[1.905s] writing requirements to ../../build/py_pubsub/py_pubsub.egg-info/requires.txt
[1.906s] writing top-level names to ../../build/py_pubsub/py_pubsub.egg-info/top_level.txt
[1.906s] writing manifest file '../../build/py_pubsub/py_pubsub.egg-info/SOURCES.txt'
[1.982s] reading manifest file '../../build/py_pubsub/py_pubsub.egg-info/SOURCES.txt'
[1.982s] adding license file 'LICENSE'
[1.983s] writing manifest file '../../build/py_pubsub/py_pubsub.egg-info/SOURCES.txt'
[1.984s] running build
[1.984s] running build_py
[1.984s] creating /home/diego/Documents/diego_labiras/ros_ws/build/py_pubsub/build
[1.984s] creating /home/diego/Documents/diego_labiras/ros_ws/build/py_pubsub/build/lib
[1.985s] creating /home/diego/Documents/diego_labiras/ros_ws/build/py_pubsub/build/lib/py_pubsub
[1.985s] copying py_pubsub/__init__.py -> /home/diego/Documents/diego_labiras/ros_ws/build/py_pubsub/build/lib/py_pubsub
[1.985s] copying py_pubsub/publisher_member_function.py -> /home/diego/Documents/diego_labiras/ros_ws/build/py_pubsub/build/lib/py_pubsub
[1.985s] running install
[1.992s] running install_lib
[2.025s] creating /home/diego/Documents/diego_labiras/ros_ws/install/py_pubsub/lib/python3.10/site-packages/py_pubsub
[2.026s] copying /home/diego/Documents/diego_labiras/ros_ws/build/py_pubsub/build/lib/py_pubsub/__init__.py -> /home/diego/Documents/diego_labiras/ros_ws/install/py_pubsub/lib/python3.10/site-packages/py_pubsub
[2.026s] copying /home/diego/Documents/diego_labiras/ros_ws/build/py_pubsub/build/lib/py_pubsub/publisher_member_function.py -> /home/diego/Documents/diego_labiras/ros_ws/install/py_pubsub/lib/python3.10/site-packages/py_pubsub
[2.027s] byte-compiling /home/diego/Documents/diego_labiras/ros_ws/install/py_pubsub/lib/python3.10/site-packages/py_pubsub/__init__.py to __init__.cpython-310.pyc
[2.028s] byte-compiling /home/diego/Documents/diego_labiras/ros_ws/install/py_pubsub/lib/python3.10/site-packages/py_pubsub/publisher_member_function.py to publisher_member_function.cpython-310.pyc
[2.029s] running install_data
[2.029s] creating /home/diego/Documents/diego_labiras/ros_ws/install/py_pubsub/share/ament_index
[2.029s] creating /home/diego/Documents/diego_labiras/ros_ws/install/py_pubsub/share/ament_index/resource_index
[2.030s] creating /home/diego/Documents/diego_labiras/ros_ws/install/py_pubsub/share/ament_index/resource_index/packages
[2.030s] copying resource/py_pubsub -> /home/diego/Documents/diego_labiras/ros_ws/install/py_pubsub/share/ament_index/resource_index/packages
[2.031s] copying package.xml -> /home/diego/Documents/diego_labiras/ros_ws/install/py_pubsub/share/py_pubsub
[2.031s] running install_egg_info
[2.073s] Copying ../../build/py_pubsub/py_pubsub.egg-info to /home/diego/Documents/diego_labiras/ros_ws/install/py_pubsub/lib/python3.10/site-packages/py_pubsub-0.0.0-py3.10.egg-info
[2.074s] running install_scripts
[2.375s] Installing talker script to /home/diego/Documents/diego_labiras/ros_ws/install/py_pubsub/lib/py_pubsub
[2.376s] writing list of installed files to '/home/diego/Documents/diego_labiras/ros_ws/build/py_pubsub/install.log'
[2.420s] Invoked command in '/home/diego/Documents/diego_labiras/ros_ws/src/py_pubsub' returned '0': PYTHONPATH=/home/diego/Documents/diego_labiras/ros_ws/build/py_pubsub/prefix_override:/home/diego/Documents/diego_labiras/ros_ws/install/py_pubsub/lib/python3.10/site-packages:${PYTHONPATH} /usr/bin/python3 -W ignore:setup.py install is deprecated setup.py egg_info --egg-base ../../build/py_pubsub build --build-base /home/diego/Documents/diego_labiras/ros_ws/build/py_pubsub/build install --record /home/diego/Documents/diego_labiras/ros_ws/build/py_pubsub/install.log --single-version-externally-managed install_data
