[0.016s] Invoking command in '/home/diego/Documents/diego_labiras/ros_ws/build/tutorial_interfaces': CMAKE_PREFIX_PATH=${CMAKE_PREFIX_PATH}:/home/diego/Documents/diego_labiras/ros_ws/install/py_pubsub:/home/diego/Documents/diego_labiras/ros_ws/install/launch_testing_examples:/home/diego/Documents/diego_labiras/ros_ws/install/examples_rclpy_pointcloud_publisher:/home/diego/Documents/diego_labiras/ros_ws/install/examples_rclpy_minimal_subscriber:/home/diego/Documents/diego_labiras/ros_ws/install/examples_rclpy_minimal_service:/home/diego/Documents/diego_labiras/ros_ws/install/examples_rclpy_minimal_publisher:/home/diego/Documents/diego_labiras/ros_ws/install/examples_rclpy_minimal_client:/home/diego/Documents/diego_labiras/ros_ws/install/examples_rclpy_minimal_action_server:/home/diego/Documents/diego_labiras/ros_ws/install/examples_rclpy_minimal_action_client:/home/diego/Documents/diego_labiras/ros_ws/install/examples_rclpy_guard_conditions:/home/diego/Documents/diego_labiras/ros_ws/install/examples_rclpy_executors:/opt/ros/humble:/opt/ros/iron /usr/bin/cmake /home/diego/Documents/diego_labiras/ros_ws/src/tutorial_interfaces -DCMAKE_INSTALL_PREFIX=/home/diego/Documents/diego_labiras/ros_ws/install/tutorial_interfaces
[0.129s] -- The C compiler identification is GNU 11.4.0
[0.233s] -- The CXX compiler identification is GNU 11.4.0
[0.253s] -- Detecting C compiler ABI info
[0.372s] -- Detecting C compiler ABI info - done
[0.386s] -- Check for working C compiler: /usr/lib/ccache/gcc - skipped
[0.387s] -- Detecting C compile features
[0.388s] -- Detecting C compile features - done
[0.393s] -- Detecting CXX compiler ABI info
[0.528s] -- Detecting CXX compiler ABI info - done
[0.541s] -- Check for working CXX compiler: /usr/lib/ccache/g++ - skipped
[0.541s] -- Detecting CXX compile features
[0.542s] -- Detecting CXX compile features - done
[0.545s] -- Found ament_cmake: 1.3.9 (/opt/ros/humble/share/ament_cmake/cmake)
[1.091s] -- Found Python3: /usr/bin/python3 (found version "3.10.12") found components: Interpreter 
[1.234s] -- Found geometry_msgs: 4.2.3 (/opt/ros/humble/share/geometry_msgs/cmake)
[1.282s] -- Found rosidl_generator_c: 3.1.5 (/opt/ros/humble/share/rosidl_generator_c/cmake)
[1.288s] -- Found rosidl_adapter: 3.1.5 (/opt/ros/humble/share/rosidl_adapter/cmake)
[1.298s] -- Found rosidl_generator_cpp: 3.1.5 (/opt/ros/humble/share/rosidl_generator_cpp/cmake)
[1.325s] -- Using all available rosidl_typesupport_c: rosidl_typesupport_fastrtps_c;rosidl_typesupport_introspection_c
[1.354s] -- Using all available rosidl_typesupport_cpp: rosidl_typesupport_fastrtps_cpp;rosidl_typesupport_introspection_cpp
[1.525s] -- Found rosidl_default_generators: 1.2.0 (/opt/ros/humble/share/rosidl_default_generators/cmake)
[1.993s] -- Found ament_cmake_ros: 0.10.0 (/opt/ros/humble/share/ament_cmake_ros/cmake)
[2.656s] -- Using all available rosidl_typesupport_c: rosidl_typesupport_fastrtps_c;rosidl_typesupport_introspection_c
[2.901s] -- Using all available rosidl_typesupport_cpp: rosidl_typesupport_fastrtps_cpp;rosidl_typesupport_introspection_cpp
[2.946s] -- Found PythonInterp: /usr/bin/python3 (found suitable version "3.10.12", minimum required is "3.6") 
[2.948s] -- Found python_cmake_module: 0.10.0 (/opt/ros/humble/share/python_cmake_module/cmake)
[2.984s] -- Found PythonLibs: /usr/lib/x86_64-linux-gnu/libpython3.10.so (found suitable version "3.10.12", minimum required is "3.5") 
[2.984s] -- Using PYTHON_EXECUTABLE: /usr/bin/python3
[2.984s] -- Using PYTHON_INCLUDE_DIRS: /usr/include/python3.10
[2.984s] -- Using PYTHON_LIBRARIES: /usr/lib/x86_64-linux-gnu/libpython3.10.so
[3.015s] -- Found PythonExtra: .so  
[3.289s] [31mCMake Error at /opt/ros/humble/share/rosidl_cmake/cmake/rosidl_write_generator_arguments.cmake:44 (message):
[3.289s]   rosidl_write_generator_arguments() called with unused arguments:
[3.289s]   INCLUDE_PATHS;geometry_msgs:/opt/ros/humble/share/geometry_msgs;std_msgs:/opt/ros/humble/share/std_msgs
[3.290s] Call Stack (most recent call first):
[3.290s]   /opt/ros/iron/share/rosidl_generator_type_description/cmake/rosidl_generator_type_description_generate_interfaces.cmake:57 (rosidl_write_generator_arguments)
[3.290s]   /opt/ros/humble/share/ament_cmake_core/cmake/core/ament_execute_extensions.cmake:48 (include)
[3.290s]   /opt/ros/humble/share/rosidl_cmake/cmake/rosidl_generate_interfaces.cmake:286 (ament_execute_extensions)
[3.290s]   CMakeLists.txt:17 (rosidl_generate_interfaces)
[3.290s] 
[3.291s] [0m
[3.291s] -- Configuring incomplete, errors occurred!
[3.291s] See also "/home/diego/Documents/diego_labiras/ros_ws/build/tutorial_interfaces/CMakeFiles/CMakeOutput.log".
[3.301s] Invoked command in '/home/diego/Documents/diego_labiras/ros_ws/build/tutorial_interfaces' returned '1': CMAKE_PREFIX_PATH=${CMAKE_PREFIX_PATH}:/home/diego/Documents/diego_labiras/ros_ws/install/py_pubsub:/home/diego/Documents/diego_labiras/ros_ws/install/launch_testing_examples:/home/diego/Documents/diego_labiras/ros_ws/install/examples_rclpy_pointcloud_publisher:/home/diego/Documents/diego_labiras/ros_ws/install/examples_rclpy_minimal_subscriber:/home/diego/Documents/diego_labiras/ros_ws/install/examples_rclpy_minimal_service:/home/diego/Documents/diego_labiras/ros_ws/install/examples_rclpy_minimal_publisher:/home/diego/Documents/diego_labiras/ros_ws/install/examples_rclpy_minimal_client:/home/diego/Documents/diego_labiras/ros_ws/install/examples_rclpy_minimal_action_server:/home/diego/Documents/diego_labiras/ros_ws/install/examples_rclpy_minimal_action_client:/home/diego/Documents/diego_labiras/ros_ws/install/examples_rclpy_guard_conditions:/home/diego/Documents/diego_labiras/ros_ws/install/examples_rclpy_executors:/opt/ros/humble:/opt/ros/iron /usr/bin/cmake /home/diego/Documents/diego_labiras/ros_ws/src/tutorial_interfaces -DCMAKE_INSTALL_PREFIX=/home/diego/Documents/diego_labiras/ros_ws/install/tutorial_interfaces
