[5.858s] Invoking command in '/home/diego/Documents/diego_labiras/ros_ws/src/examples/rclpy/services/minimal_client': PYTHONPATH=/home/diego/Documents/diego_labiras/ros_ws/build/examples_rclpy_minimal_client/prefix_override:/usr/lib/python3/dist-packages/colcon_core/task/python/colcon_distutils_commands:/home/diego/Documents/diego_labiras/ros_ws/install/examples_rclpy_minimal_client/lib/python3.10/site-packages:${PYTHONPATH} /usr/bin/python3 -W ignore:setup.py install is deprecated -W ignore:easy_install command is deprecated setup.py egg_info --egg-base ../../../../../build/examples_rclpy_minimal_client build --build-base /home/diego/Documents/diego_labiras/ros_ws/build/examples_rclpy_minimal_client/build install --record /home/diego/Documents/diego_labiras/ros_ws/build/examples_rclpy_minimal_client/install.log --single-version-externally-managed install_data
[7.864s] running egg_info
[7.868s] creating ../../../../../build/examples_rclpy_minimal_client/examples_rclpy_minimal_client.egg-info
[7.949s] writing ../../../../../build/examples_rclpy_minimal_client/examples_rclpy_minimal_client.egg-info/PKG-INFO
[7.950s] writing dependency_links to ../../../../../build/examples_rclpy_minimal_client/examples_rclpy_minimal_client.egg-info/dependency_links.txt
[7.951s] writing entry points to ../../../../../build/examples_rclpy_minimal_client/examples_rclpy_minimal_client.egg-info/entry_points.txt
[7.956s] writing requirements to ../../../../../build/examples_rclpy_minimal_client/examples_rclpy_minimal_client.egg-info/requires.txt
[7.956s] writing top-level names to ../../../../../build/examples_rclpy_minimal_client/examples_rclpy_minimal_client.egg-info/top_level.txt
[7.956s] writing manifest file '../../../../../build/examples_rclpy_minimal_client/examples_rclpy_minimal_client.egg-info/SOURCES.txt'
[8.187s] reading manifest file '../../../../../build/examples_rclpy_minimal_client/examples_rclpy_minimal_client.egg-info/SOURCES.txt'
[8.195s] writing manifest file '../../../../../build/examples_rclpy_minimal_client/examples_rclpy_minimal_client.egg-info/SOURCES.txt'
[8.196s] running build
[8.196s] running build_py
[8.197s] creating /home/diego/Documents/diego_labiras/ros_ws/build/examples_rclpy_minimal_client/build
[8.198s] creating /home/diego/Documents/diego_labiras/ros_ws/build/examples_rclpy_minimal_client/build/lib
[8.198s] creating /home/diego/Documents/diego_labiras/ros_ws/build/examples_rclpy_minimal_client/build/lib/examples_rclpy_minimal_client
[8.198s] copying examples_rclpy_minimal_client/__init__.py -> /home/diego/Documents/diego_labiras/ros_ws/build/examples_rclpy_minimal_client/build/lib/examples_rclpy_minimal_client
[8.198s] copying examples_rclpy_minimal_client/client_async_member_function.py -> /home/diego/Documents/diego_labiras/ros_ws/build/examples_rclpy_minimal_client/build/lib/examples_rclpy_minimal_client
[8.199s] copying examples_rclpy_minimal_client/client_async.py -> /home/diego/Documents/diego_labiras/ros_ws/build/examples_rclpy_minimal_client/build/lib/examples_rclpy_minimal_client
[8.199s] copying examples_rclpy_minimal_client/client.py -> /home/diego/Documents/diego_labiras/ros_ws/build/examples_rclpy_minimal_client/build/lib/examples_rclpy_minimal_client
[8.199s] copying examples_rclpy_minimal_client/client_async_callback.py -> /home/diego/Documents/diego_labiras/ros_ws/build/examples_rclpy_minimal_client/build/lib/examples_rclpy_minimal_client
[8.200s] running install
[8.223s] running install_lib
[8.337s] creating /home/diego/Documents/diego_labiras/ros_ws/install/examples_rclpy_minimal_client/lib/python3.10/site-packages/examples_rclpy_minimal_client
[8.337s] copying /home/diego/Documents/diego_labiras/ros_ws/build/examples_rclpy_minimal_client/build/lib/examples_rclpy_minimal_client/__init__.py -> /home/diego/Documents/diego_labiras/ros_ws/install/examples_rclpy_minimal_client/lib/python3.10/site-packages/examples_rclpy_minimal_client
[8.337s] copying /home/diego/Documents/diego_labiras/ros_ws/build/examples_rclpy_minimal_client/build/lib/examples_rclpy_minimal_client/client_async_member_function.py -> /home/diego/Documents/diego_labiras/ros_ws/install/examples_rclpy_minimal_client/lib/python3.10/site-packages/examples_rclpy_minimal_client
[8.338s] copying /home/diego/Documents/diego_labiras/ros_ws/build/examples_rclpy_minimal_client/build/lib/examples_rclpy_minimal_client/client_async.py -> /home/diego/Documents/diego_labiras/ros_ws/install/examples_rclpy_minimal_client/lib/python3.10/site-packages/examples_rclpy_minimal_client
[8.338s] copying /home/diego/Documents/diego_labiras/ros_ws/build/examples_rclpy_minimal_client/build/lib/examples_rclpy_minimal_client/client.py -> /home/diego/Documents/diego_labiras/ros_ws/install/examples_rclpy_minimal_client/lib/python3.10/site-packages/examples_rclpy_minimal_client
[8.340s] copying /home/diego/Documents/diego_labiras/ros_ws/build/examples_rclpy_minimal_client/build/lib/examples_rclpy_minimal_client/client_async_callback.py -> /home/diego/Documents/diego_labiras/ros_ws/install/examples_rclpy_minimal_client/lib/python3.10/site-packages/examples_rclpy_minimal_client
[8.346s] byte-compiling /home/diego/Documents/diego_labiras/ros_ws/install/examples_rclpy_minimal_client/lib/python3.10/site-packages/examples_rclpy_minimal_client/__init__.py to __init__.cpython-310.pyc
[8.346s] byte-compiling /home/diego/Documents/diego_labiras/ros_ws/install/examples_rclpy_minimal_client/lib/python3.10/site-packages/examples_rclpy_minimal_client/client_async_member_function.py to client_async_member_function.cpython-310.pyc
[8.347s] byte-compiling /home/diego/Documents/diego_labiras/ros_ws/install/examples_rclpy_minimal_client/lib/python3.10/site-packages/examples_rclpy_minimal_client/client_async.py to client_async.cpython-310.pyc
[8.348s] byte-compiling /home/diego/Documents/diego_labiras/ros_ws/install/examples_rclpy_minimal_client/lib/python3.10/site-packages/examples_rclpy_minimal_client/client.py to client.cpython-310.pyc
[8.350s] byte-compiling /home/diego/Documents/diego_labiras/ros_ws/install/examples_rclpy_minimal_client/lib/python3.10/site-packages/examples_rclpy_minimal_client/client_async_callback.py to client_async_callback.cpython-310.pyc
[8.350s] running install_data
[8.353s] creating /home/diego/Documents/diego_labiras/ros_ws/install/examples_rclpy_minimal_client/share/ament_index
[8.353s] creating /home/diego/Documents/diego_labiras/ros_ws/install/examples_rclpy_minimal_client/share/ament_index/resource_index
[8.353s] creating /home/diego/Documents/diego_labiras/ros_ws/install/examples_rclpy_minimal_client/share/ament_index/resource_index/packages
[8.354s] copying resource/examples_rclpy_minimal_client -> /home/diego/Documents/diego_labiras/ros_ws/install/examples_rclpy_minimal_client/share/ament_index/resource_index/packages
[8.355s] copying package.xml -> /home/diego/Documents/diego_labiras/ros_ws/install/examples_rclpy_minimal_client/share/examples_rclpy_minimal_client
[8.355s] running install_egg_info
[8.521s] Copying ../../../../../build/examples_rclpy_minimal_client/examples_rclpy_minimal_client.egg-info to /home/diego/Documents/diego_labiras/ros_ws/install/examples_rclpy_minimal_client/lib/python3.10/site-packages/examples_rclpy_minimal_client-0.15.1-py3.10.egg-info
[8.522s] running install_scripts
[9.409s] Installing client script to /home/diego/Documents/diego_labiras/ros_ws/install/examples_rclpy_minimal_client/lib/examples_rclpy_minimal_client
[9.409s] Installing client_async script to /home/diego/Documents/diego_labiras/ros_ws/install/examples_rclpy_minimal_client/lib/examples_rclpy_minimal_client
[9.409s] Installing client_async_callback script to /home/diego/Documents/diego_labiras/ros_ws/install/examples_rclpy_minimal_client/lib/examples_rclpy_minimal_client
[9.410s] Installing client_async_member_function script to /home/diego/Documents/diego_labiras/ros_ws/install/examples_rclpy_minimal_client/lib/examples_rclpy_minimal_client
[9.411s] writing list of installed files to '/home/diego/Documents/diego_labiras/ros_ws/build/examples_rclpy_minimal_client/install.log'
[9.508s] Invoked command in '/home/diego/Documents/diego_labiras/ros_ws/src/examples/rclpy/services/minimal_client' returned '0': PYTHONPATH=/home/diego/Documents/diego_labiras/ros_ws/build/examples_rclpy_minimal_client/prefix_override:/usr/lib/python3/dist-packages/colcon_core/task/python/colcon_distutils_commands:/home/diego/Documents/diego_labiras/ros_ws/install/examples_rclpy_minimal_client/lib/python3.10/site-packages:${PYTHONPATH} /usr/bin/python3 -W ignore:setup.py install is deprecated -W ignore:easy_install command is deprecated setup.py egg_info --egg-base ../../../../../build/examples_rclpy_minimal_client build --build-base /home/diego/Documents/diego_labiras/ros_ws/build/examples_rclpy_minimal_client/build install --record /home/diego/Documents/diego_labiras/ros_ws/build/examples_rclpy_minimal_client/install.log --single-version-externally-managed install_data
