-- Found ament_cmake: 1.3.9 (/opt/ros/humble/share/ament_cmake/cmake)
-- Found geometry_msgs: 4.2.3 (/opt/ros/humble/share/geometry_msgs/cmake)
-- Found rosidl_generator_c: 3.1.5 (/opt/ros/humble/share/rosidl_generator_c/cmake)
-- Found rosidl_adapter: 3.1.5 (/opt/ros/humble/share/rosidl_adapter/cmake)
-- Found rosidl_generator_cpp: 3.1.5 (/opt/ros/humble/share/rosidl_generator_cpp/cmake)
-- Using all available rosidl_typesupport_c: rosidl_typesupport_fastrtps_c;rosidl_typesupport_introspection_c
-- Using all available rosidl_typesupport_cpp: rosidl_typesupport_fastrtps_cpp;rosidl_typesupport_introspection_cpp
-- Found rosidl_default_generators: 1.2.0 (/opt/ros/humble/share/rosidl_default_generators/cmake)
[31mCMake Error at CMakeLists.txt:16 (find_package):
  By not providing "Findrosidl_generate_interfaces.cmake" in
  CMAKE_MODULE_PATH this project has asked CMake to find a package
  configuration file provided by "rosidl_generate_interfaces", but CMake did
  not find one.

  Could not find a package configuration file provided by
  "rosidl_generate_interfaces" with any of the following names:

    rosidl_generate_interfacesConfig.cmake
    rosidl_generate_interfaces-config.cmake

  Add the installation prefix of "rosidl_generate_interfaces" to
  CMAKE_PREFIX_PATH or set "rosidl_generate_interfaces_DIR" to a directory
  containing one of the above files.  If "rosidl_generate_interfaces"
  provides a separate development package or SDK, be sure it has been
  installed.

-- Configuring incomplete, errors occurred!
See also "/home/diego/Documents/diego_labiras/ros_ws/build/tutorial_interfaces/CMakeFiles/CMakeOutput.log".
[0m
