[0.018s] Invoking command in '/home/diego/Documents/diego_labiras/ros_ws/build/tutorial_interfaces': CMAKE_PREFIX_PATH=/opt/ros/humble:/opt/ros/iron /usr/bin/cmake /home/diego/Documents/diego_labiras/ros_ws/src/tutorial_interfaces -DCMAKE_INSTALL_PREFIX=/home/diego/Documents/diego_labiras/ros_ws/install/tutorial_interfaces
[0.037s] -- Found ament_cmake: 1.3.9 (/opt/ros/humble/share/ament_cmake/cmake)
[0.225s] -- Found geometry_msgs: 4.2.3 (/opt/ros/humble/share/geometry_msgs/cmake)
[0.268s] -- Found rosidl_generator_c: 3.1.5 (/opt/ros/humble/share/rosidl_generator_c/cmake)
[0.272s] -- Found rosidl_adapter: 3.1.5 (/opt/ros/humble/share/rosidl_adapter/cmake)
[0.280s] -- Found rosidl_generator_cpp: 3.1.5 (/opt/ros/humble/share/rosidl_generator_cpp/cmake)
[0.298s] -- Using all available rosidl_typesupport_c: rosidl_typesupport_fastrtps_c;rosidl_typesupport_introspection_c
[0.324s] -- Using all available rosidl_typesupport_cpp: rosidl_typesupport_fastrtps_cpp;rosidl_typesupport_introspection_cpp
[0.476s] -- Found rosidl_default_generators: 1.2.0 (/opt/ros/humble/share/rosidl_default_generators/cmake)
[0.500s] [31mCMake Error at CMakeLists.txt:16 (find_package):
[0.501s]   By not providing "Findrosidl_generate_interfaces.cmake" in
[0.501s]   CMAKE_MODULE_PATH this project has asked CMake to find a package
[0.501s]   configuration file provided by "rosidl_generate_interfaces", but CMake did
[0.501s]   not find one.
[0.501s] 
[0.501s]   Could not find a package configuration file provided by
[0.501s]   "rosidl_generate_interfaces" with any of the following names:
[0.501s] 
[0.501s]     rosidl_generate_interfacesConfig.cmake
[0.502s]     rosidl_generate_interfaces-config.cmake
[0.502s] 
[0.502s]   Add the installation prefix of "rosidl_generate_interfaces" to
[0.502s]   CMAKE_PREFIX_PATH or set "rosidl_generate_interfaces_DIR" to a directory
[0.502s]   containing one of the above files.  If "rosidl_generate_interfaces"
[0.502s]   provides a separate development package or SDK, be sure it has been
[0.502s]   installed.
[0.502s] 
[0.502s] -- Configuring incomplete, errors occurred!
[0.503s] See also "/home/diego/Documents/diego_labiras/ros_ws/build/tutorial_interfaces/CMakeFiles/CMakeOutput.log".
[0.503s] [0m
[0.508s] Invoked command in '/home/diego/Documents/diego_labiras/ros_ws/build/tutorial_interfaces' returned '1': CMAKE_PREFIX_PATH=/opt/ros/humble:/opt/ros/iron /usr/bin/cmake /home/diego/Documents/diego_labiras/ros_ws/src/tutorial_interfaces -DCMAKE_INSTALL_PREFIX=/home/diego/Documents/diego_labiras/ros_ws/install/tutorial_interfaces
