[1.169s] Invoking command in '/home/diego/Documents/diego_labiras/ros_ws/src/py_pubsub': PYTHONPATH=/home/diego/Documents/diego_labiras/ros_ws/build/py_pubsub/prefix_override:/home/diego/Documents/diego_labiras/ros_ws/install/py_pubsub/lib/python3.10/site-packages:${PYTHONPATH} /usr/bin/python3 -W ignore:setup.py install is deprecated setup.py egg_info --egg-base ../../build/py_pubsub build --build-base /home/diego/Documents/diego_labiras/ros_ws/build/py_pubsub/build install --record /home/diego/Documents/diego_labiras/ros_ws/build/py_pubsub/install.log --single-version-externally-managed install_data
[1.514s] running egg_info
[1.539s] writing ../../build/py_pubsub/py_pubsub.egg-info/PKG-INFO
[1.540s] writing dependency_links to ../../build/py_pubsub/py_pubsub.egg-info/dependency_links.txt
[1.540s] writing entry points to ../../build/py_pubsub/py_pubsub.egg-info/entry_points.txt
[1.540s] writing requirements to ../../build/py_pubsub/py_pubsub.egg-info/requires.txt
[1.541s] writing top-level names to ../../build/py_pubsub/py_pubsub.egg-info/top_level.txt
[1.589s] reading manifest file '../../build/py_pubsub/py_pubsub.egg-info/SOURCES.txt'
[1.589s] adding license file 'LICENSE'
[1.590s] writing manifest file '../../build/py_pubsub/py_pubsub.egg-info/SOURCES.txt'
[1.590s] running build
[1.590s] running build_py
[1.590s] copying py_pubsub/__init__.py -> /home/diego/Documents/diego_labiras/ros_ws/build/py_pubsub/build/lib/py_pubsub
[1.591s] copying py_pubsub/publisher_member_function.py -> /home/diego/Documents/diego_labiras/ros_ws/build/py_pubsub/build/lib/py_pubsub
[1.591s] running install
[1.598s] running install_lib
[1.636s] running install_data
[1.636s] copying resource/py_pubsub -> /home/diego/Documents/diego_labiras/ros_ws/install/py_pubsub/share/ament_index/resource_index/packages
[1.636s] copying package.xml -> /home/diego/Documents/diego_labiras/ros_ws/install/py_pubsub/share/py_pubsub
[1.637s] running install_egg_info
[1.671s] removing '/home/diego/Documents/diego_labiras/ros_ws/install/py_pubsub/lib/python3.10/site-packages/py_pubsub-0.0.0-py3.10.egg-info' (and everything under it)
[1.671s] Copying ../../build/py_pubsub/py_pubsub.egg-info to /home/diego/Documents/diego_labiras/ros_ws/install/py_pubsub/lib/python3.10/site-packages/py_pubsub-0.0.0-py3.10.egg-info
[1.674s] running install_scripts
[1.894s] Installing talker script to /home/diego/Documents/diego_labiras/ros_ws/install/py_pubsub/lib/py_pubsub
[1.894s] writing list of installed files to '/home/diego/Documents/diego_labiras/ros_ws/build/py_pubsub/install.log'
[1.930s] Invoked command in '/home/diego/Documents/diego_labiras/ros_ws/src/py_pubsub' returned '0': PYTHONPATH=/home/diego/Documents/diego_labiras/ros_ws/build/py_pubsub/prefix_override:/home/diego/Documents/diego_labiras/ros_ws/install/py_pubsub/lib/python3.10/site-packages:${PYTHONPATH} /usr/bin/python3 -W ignore:setup.py install is deprecated setup.py egg_info --egg-base ../../build/py_pubsub build --build-base /home/diego/Documents/diego_labiras/ros_ws/build/py_pubsub/build install --record /home/diego/Documents/diego_labiras/ros_ws/build/py_pubsub/install.log --single-version-externally-managed install_data
